{"numTotalTestSuites":14,"numPassedTestSuites":3,"numFailedTestSuites":11,"numPendingTestSuites":0,"numTotalTests":83,"numPassedTests":60,"numFailedTests":23,"numPendingTests":0,"numTodoTests":0,"snapshot":{"added":0,"failure":false,"filesAdded":0,"filesRemoved":0,"filesRemovedList":[],"filesUnmatched":0,"filesUpdated":0,"matched":0,"total":0,"unchecked":0,"uncheckedKeysByFile":[],"unmatched":0,"updated":0,"didUpdate":false},"startTime":1752598464728,"success":false,"testResults":[{"assertionResults":[{"ancestorTitles":["LikertScaleNode"],"fullName":"LikertScaleNode renders the question text and content","status":"passed","title":"renders the question text and content","duration":472.3695000000007,"failureMessages":[],"meta":{}},{"ancestorTitles":["LikertScaleNode"],"fullName":"LikertScaleNode renders scale buttons with correct labels","status":"passed","title":"renders scale buttons with correct labels","duration":117.77541599999677,"failureMessages":[],"meta":{}},{"ancestorTitles":["LikertScaleNode"],"fullName":"LikertScaleNode handles scale selection correctly","status":"passed","title":"handles scale selection correctly","duration":401.5146249999998,"failureMessages":[],"meta":{}},{"ancestorTitles":["LikertScaleNode"],"fullName":"LikertScaleNode shows validation error for required questions","status":"passed","title":"shows validation error for required questions","duration":454.2804159999978,"failureMessages":[],"meta":{}},{"ancestorTitles":["LikertScaleNode"],"fullName":"LikertScaleNode allows skipping non-required questions","status":"passed","title":"allows skipping non-required questions","duration":185.1572500000002,"failureMessages":[],"meta":{}},{"ancestorTitles":["LikertScaleNode"],"fullName":"LikertScaleNode uses default value when provided","status":"passed","title":"uses default value when provided","duration":43.46187500000087,"failureMessages":[],"meta":{}},{"ancestorTitles":["LikertScaleNode"],"fullName":"LikertScaleNode renders custom scale labels correctly","status":"passed","title":"renders custom scale labels correctly","duration":17.731583000000683,"failureMessages":[],"meta":{}},{"ancestorTitles":["LikertScaleNode"],"fullName":"LikertScaleNode handles different scale ranges","status":"passed","title":"handles different scale ranges","duration":190.1789170000011,"failureMessages":[],"meta":{}},{"ancestorTitles":["LikertScaleNode"],"fullName":"LikertScaleNode shows required field helper text","status":"passed","title":"shows required field helper text","duration":23.29899999999907,"failureMessages":[],"meta":{}},{"ancestorTitles":["LikertScaleNode"],"fullName":"LikertScaleNode supports vertical layout for large scales","status":"passed","title":"supports vertical layout for large scales","duration":141.7848329999979,"failureMessages":[],"meta":{}},{"ancestorTitles":["LikertScaleNode"],"fullName":"LikertScaleNode applies hyundai theme correctly","status":"passed","title":"applies hyundai theme correctly","duration":66.98408299999937,"failureMessages":[],"meta":{}},{"ancestorTitles":["LikertScaleNode"],"fullName":"LikertScaleNode applies unfiltered theme correctly","status":"passed","title":"applies unfiltered theme correctly","duration":39.49720800000068,"failureMessages":[],"meta":{}},{"ancestorTitles":["LikertScaleNode"],"fullName":"LikertScaleNode renders with media content","status":"passed","title":"renders with media content","duration":232.60670799999934,"failureMessages":[],"meta":{}}],"startTime":1752598484485,"endTime":1752598486872.6067,"status":"passed","message":"","name":"/Users/kenalba/Documents/GitHub/nlj_viewer/src/components/__tests__/LikertScaleNode.test.tsx"},{"assertionResults":[{"ancestorTitles":["MatrixNode"],"fullName":"MatrixNode renders the question text and content","status":"passed","title":"renders the question text and content","duration":1271.9330840000002,"failureMessages":[],"meta":{}},{"ancestorTitles":["MatrixNode"],"fullName":"MatrixNode renders matrix table on desktop","status":"passed","title":"renders matrix table on desktop","duration":412.7101250000014,"failureMessages":[],"meta":{}},{"ancestorTitles":["MatrixNode"],"fullName":"MatrixNode handles single select responses","status":"failed","title":"handles single select responses","duration":853.0682500000003,"failureMessages":["AssertionError: expected \"spy\" to be called with arguments: [ { satisfaction: 'good' } ]\n\nReceived: \n\n\n\nNumber of calls: 0\n\n    at Proxy.<anonymous> (file:///Users/kenalba/Documents/GitHub/nlj_viewer/node_modules/@vitest/expect/dist/index.js:1465:13)\n    at Proxy.<anonymous> (file:///Users/kenalba/Documents/GitHub/nlj_viewer/node_modules/@vitest/expect/dist/index.js:972:17)\n    at Proxy.methodWrapper (file:///Users/kenalba/Documents/GitHub/nlj_viewer/node_modules/chai/chai.js:1706:25)\n    at /Users/kenalba/Documents/GitHub/nlj_viewer/src/components/__tests__/MatrixNode.test.tsx:64:26\n    at file:///Users/kenalba/Documents/GitHub/nlj_viewer/node_modules/@vitest/runner/dist/index.js:533:5\n    at runTest (file:///Users/kenalba/Documents/GitHub/nlj_viewer/node_modules/@vitest/runner/dist/index.js:1056:11)\n    at runSuite (file:///Users/kenalba/Documents/GitHub/nlj_viewer/node_modules/@vitest/runner/dist/index.js:1205:15)\n    at runSuite (file:///Users/kenalba/Documents/GitHub/nlj_viewer/node_modules/@vitest/runner/dist/index.js:1205:15)\n    at runFiles (file:///Users/kenalba/Documents/GitHub/nlj_viewer/node_modules/@vitest/runner/dist/index.js:1262:5)\n    at startTests (file:///Users/kenalba/Documents/GitHub/nlj_viewer/node_modules/@vitest/runner/dist/index.js:1271:3)"],"meta":{}},{"ancestorTitles":["MatrixNode"],"fullName":"MatrixNode handles multiple select responses","status":"failed","title":"handles multiple select responses","duration":1409.229209000001,"failureMessages":["AssertionError: expected \"spy\" to be called with arguments: [ Array(1) ]\n\nReceived: \n\n\n\nNumber of calls: 0\n\n    at Proxy.<anonymous> (file:///Users/kenalba/Documents/GitHub/nlj_viewer/node_modules/@vitest/expect/dist/index.js:1465:13)\n    at Proxy.<anonymous> (file:///Users/kenalba/Documents/GitHub/nlj_viewer/node_modules/@vitest/expect/dist/index.js:972:17)\n    at Proxy.methodWrapper (file:///Users/kenalba/Documents/GitHub/nlj_viewer/node_modules/chai/chai.js:1706:25)\n    at /Users/kenalba/Documents/GitHub/nlj_viewer/src/components/__tests__/MatrixNode.test.tsx:92:26\n    at file:///Users/kenalba/Documents/GitHub/nlj_viewer/node_modules/@vitest/runner/dist/index.js:533:5\n    at runTest (file:///Users/kenalba/Documents/GitHub/nlj_viewer/node_modules/@vitest/runner/dist/index.js:1056:11)\n    at runSuite (file:///Users/kenalba/Documents/GitHub/nlj_viewer/node_modules/@vitest/runner/dist/index.js:1205:15)\n    at runSuite (file:///Users/kenalba/Documents/GitHub/nlj_viewer/node_modules/@vitest/runner/dist/index.js:1205:15)\n    at runFiles (file:///Users/kenalba/Documents/GitHub/nlj_viewer/node_modules/@vitest/runner/dist/index.js:1262:5)\n    at startTests (file:///Users/kenalba/Documents/GitHub/nlj_viewer/node_modules/@vitest/runner/dist/index.js:1271:3)"],"meta":{}},{"ancestorTitles":["MatrixNode"],"fullName":"MatrixNode shows validation error for required rows","status":"passed","title":"shows validation error for required rows","duration":152.68929099999878,"failureMessages":[],"meta":{}},{"ancestorTitles":["MatrixNode"],"fullName":"MatrixNode handles individual row requirements","status":"failed","title":"handles individual row requirements","duration":752.3781249999993,"failureMessages":["TestingLibraryElementError: Unable to find an element with the text: Please provide a response for \"Management Support\".. This could be because the text is broken up by multiple elements. In this case, you can provide a function for your text matcher to make your matcher more flexible.\n\nIgnored nodes: comments, script, style\n\u001b[36m<body>\u001b[39m\n  \u001b[36m<div>\u001b[39m\n    \u001b[36m<div\u001b[39m\n      \u001b[33mclass\u001b[39m=\u001b[32m\"MuiPaper-root MuiPaper-elevation MuiPaper-rounded MuiPaper-elevation0 MuiCard-root css-1frhi57-MuiPaper-root-MuiCard-root\"\u001b[39m\n      \u001b[33mstyle\u001b[39m=\u001b[32m\"--Paper-shadow: none;\"\u001b[39m\n    \u001b[36m>\u001b[39m\n      \u001b[36m<div\u001b[39m\n        \u001b[33mclass\u001b[39m=\u001b[32m\"MuiCardContent-root css-y966ta-MuiCardContent-root\"\u001b[39m\n      \u001b[36m>\u001b[39m\n        \u001b[36m<div\u001b[39m\n          \u001b[33mclass\u001b[39m=\u001b[32m\"MuiBox-root css-i3pbo\"\u001b[39m\n        \u001b[36m>\u001b[39m\n          \u001b[36m<h5\u001b[39m\n            \u001b[33mclass\u001b[39m=\u001b[32m\"MuiTypography-root MuiTypography-h5 MuiTypography-gutterBottom css-1f9xtph-MuiTypography-root\"\u001b[39m\n          \u001b[36m>\u001b[39m\n            \u001b[0mPlease rate the following aspects of your job\u001b[0m\n          \u001b[36m</h5>\u001b[39m\n        \u001b[36m</div>\u001b[39m\n        \u001b[36m<div\u001b[39m\n          \u001b[33mclass\u001b[39m=\u001b[32m\"MuiPaper-root MuiPaper-elevation MuiPaper-rounded MuiPaper-elevation1 MuiTableContainer-root css-a381q5-MuiPaper-root-MuiTableContainer-root\"\u001b[39m\n          \u001b[33mstyle\u001b[39m=\u001b[32m\"--Paper-shadow: 0px 2px 1px -1px rgba(0,0,0,0.2),0px 1px 1px 0px rgba(0,0,0,0.14),0px 1px 3px 0px rgba(0,0,0,0.12);\"\u001b[39m\n        \u001b[36m>\u001b[39m\n          \u001b[36m<table\u001b[39m\n            \u001b[33mclass\u001b[39m=\u001b[32m\"MuiTable-root css-1xwxv7r-MuiTable-root\"\u001b[39m\n          \u001b[36m>\u001b[39m\n            \u001b[36m<thead\u001b[39m\n              \u001b[33mclass\u001b[39m=\u001b[32m\"MuiTableHead-root css-1a7iywq-MuiTableHead-root\"\u001b[39m\n            \u001b[36m>\u001b[39m\n              \u001b[36m<tr\u001b[39m\n                \u001b[33mclass\u001b[39m=\u001b[32m\"MuiTableRow-root MuiTableRow-head css-1xtozoh-MuiTableRow-root\"\u001b[39m\n              \u001b[36m>\u001b[39m\n                \u001b[36m<th\u001b[39m\n                  \u001b[33mclass\u001b[39m=\u001b[32m\"MuiTableCell-root MuiTableCell-head MuiTableCell-sizeMedium css-xucn9l-MuiTableCell-root\"\u001b[39m\n                  \u001b[33mscope\u001b[39m=\u001b[32m\"col\"\u001b[39m\n                \u001b[36m/>\u001b[39m\n                \u001b[36m<th\u001b[39m\n                  \u001b[33mclass\u001b[39m=\u001b[32m\"MuiTableCell-root MuiTableCell-head MuiTableCell-alignCenter MuiTableCell-sizeMedium css-1lsq3yy-MuiTableCell-root\"\u001b[39m\n                  \u001b[33mscope\u001b[39m=\u001b[32m\"col\"\u001b[39m\n                \u001b[36m>\u001b[39m\n                  \u001b[0mPoor\u001b[0m\n                \u001b[36m</th>\u001b[39m\n                \u001b[36m<th\u001b[39m\n                  \u001b[33mclass\u001b[39m=\u001b[32m\"MuiTableCell-root MuiTableCell-head MuiTableCell-alignCenter MuiTableCell-sizeMedium css-1lsq3yy-MuiTableCell-root\"\u001b[39m\n                  \u001b[33mscope\u001b[39m=\u001b[32m\"col\"\u001b[39m\n                \u001b[36m>\u001b[39m\n                  \u001b[0mFair\u001b[0m\n                \u001b[36m</th>\u001b[39m\n                \u001b[36m<th\u001b[39m\n                  \u001b[33mclass\u001b[39m=\u001b[32m\"MuiTableCell-root MuiTableCell-head MuiTableCell-alignCenter MuiTableCell-sizeMedium css-1lsq3yy-MuiTableCell-root\"\u001b[39m\n                  \u001b[33mscope\u001b[39m=\u001b[32m\"col\"\u001b[39m\n                \u001b[36m>\u001b[39m\n                  \u001b[0mGood\u001b[0m\n                \u001b[36m</th>\u001b[39m\n                \u001b[36m<th\u001b[39m\n                  \u001b[33mclass\u001b[39m=\u001b[32m\"MuiTableCell-root MuiTableCell-head MuiTableCell-alignCenter MuiTableCell-sizeMedium css-1lsq3yy-MuiTableCell-root\"\u001b[39m\n                  \u001b[33mscope\u001b[39m=\u001b[32m\"col\"\u001b[39m\n                \u001b[36m>\u001b[39m\n                  \u001b[0mExcellent\u001b[0m\n                \u001b[36m</th>\u001b[39m\n              \u001b[36m</tr>\u001b[39m\n            \u001b[36m</thead>\u001b[39m\n            \u001b[36m<tbody\u001b[39m\n              \u001b[33mclass\u001b[39m=\u001b[32m\"MuiTableBody-root css-gmh7jj-MuiTableBody-root\"\u001b[39m\n            \u001b[36m>\u001b[39m\n              \u001b[36m<tr\u001b[39m\n                \u001b[33mclass\u001b[39m=\u001b[32m\"MuiTableRow-root css-1xtozoh-MuiTableRow-root\"\u001b[39m\n              \u001b[36m>\u001b[39m\n                \u001b[36m<td\u001b[39m\n                  \u001b[33mclass\u001b[39m=\u001b[32m\"MuiTableCell-root MuiTableCell-body MuiTableCell-sizeMedium css-h6co4l-MuiTableCell-root\"\u001b[39m\n                \u001b[36m>\u001b[39m\n                  \u001b[0mJob Satisfaction\u001b[0m\n                  \u001b[36m<span\u001b[39m\n                    \u001b[33mclass\u001b[39m=\u001b[32m\"MuiTypography-root MuiTypography-body1 css-dhid9n-MuiTypography-root\"\u001b[39m\n                  \u001b[36m>\u001b[39m\n                    \u001b[0m*\u001b[0m\n                  \u001b[36m</span>\u001b[39m\n                \u001b[36m</td>\u001b[39m\n                \u001b[36m<td\u001b[39m\n                  \u001b[33mclass\u001b[39m=\u001b[32m\"MuiTableCell-root MuiTableCell-body MuiTableCell-alignCenter MuiTableCell-sizeMedium css-yd0fg0-MuiTableCell-root\"\u001b[39m\n                \u001b[36m>\u001b[39m\n                  \u001b[36m<span\u001b[39m\n                    \u001b[33mclass\u001b[39m=\u001b[32m\"MuiButtonBase-root MuiRadio-root MuiRadio-colorPrimary PrivateSwitchBase-root MuiRadio-root MuiRadio-colorPrimary MuiRadio-root MuiRadio-colorPrimary css-1q72ply-MuiButtonBase-root-MuiSwitchBase-root-MuiRadio-root\"\u001b[39m\n                  \u001b[36m>\u001b[39m\n                    \u001b[36m<input\u001b[39m\n                      \u001b[33mclass\u001b[39m=\u001b[32m\"PrivateSwitchBase-input css-12xagqm-MuiSwitchBase-root\"\u001b[39m\n                      \u001b[33mtype\u001b[39m=\u001b[32m\"radio\"\u001b[39m\n                    \u001b[36m/>\u001b[39m\n                    \u001b[36m<span\u001b[39m\n                      \u001b[33mclass\u001b[39m=\u001b[32m\"css-9oxshb-MuiRadioButtonIcon-root\"\u001b[39m\n                    \u001b[36m>\u001b[39m\n                      \u001b[36m<svg\u001b[39m\n                        \u001b[33maria-hidden\u001b[39m=\u001b[32m\"true\"\u001b[39m\n                        \u001b[33mclass\u001b[39m=\u001b[32m\"MuiSvgIcon-root MuiSvgIcon-fontSizeMedium css-iy8fvg-MuiSvgIcon-root-MuiRadioButtonIcon-root\"\u001b[39m\n                        \u001b[33mdata-testid\u001b[39m=\u001b[32m\"RadioButtonUncheckedIcon\"\u001b[39m\n                        \u001b[33mfocusable\u001b[39m=\u001b[32m\"false\"\u001b[39m\n                        \u001b[33mviewBox\u001b[39m=\u001b[32m\"0 0 24 24\"\u001b[39m\n                      \u001b[36m>\u001b[39m\n                        \u001b[36m<path\u001b[39m\n                          \u001b[33md\u001b[39m=\u001b[32m\"M12 2C6.48 2 2 6.48 2 12s4.48 10 10 10 10-4.48 10-10S17.52 2 12 2zm0 18c-4.42 0-8-3.58-8-8s3.58-8 8-8 8 3.58 8 8-3.58 8-8 8z\"\u001b[39m\n                        \u001b[36m/>\u001b[39m\n                      \u001b[36m</svg>\u001b[39m\n                      \u001b[36m<svg\u001b[39m\n                        \u001b[33maria-hidden\u001b[39m=\u001b[32m\"true\"\u001b[39m\n                        \u001b[33mclass\u001b[39m=\u001b[32m\"MuiSvgIcon-root MuiSvgIcon-fontSizeMedium css-cpa8b4-MuiSvgIcon-root-MuiRadioButtonIcon-root\"\u001b[39m\n                        \u001b[33mdata-testid\u001b[39m=\u001b[32m\"RadioButtonCheckedIcon\"\u001b[39m\n                        \u001b[33mfocusable\u001b[39m=\u001b[32m\"false\"\u001b[39m\n                        \u001b[33mviewBox\u001b[39m=\u001b[32m\"0 0 24 24\"\u001b[39m\n                      \u001b[36m>\u001b[39m\n                        \u001b[36m<path\u001b[39m\n                          \u001b[33md\u001b[39m=\u001b[32m\"M8.465 8.465C9.37 7.56 10.62 7 12 7C14.76 7 17 9.24 17 12C17 13.38 16.44 14.63 15.535 15.535C14.63 16.44 13.38 17 12 17C9.24 17 7 14.76 7 12C7 10.62 7.56 9.37 8.465 8.465Z\"\u001b[39m\n                        \u001b[36m/>\u001b[39m\n                      \u001b[36m</svg>\u001b[39m\n                    \u001b[36m</span>\u001b[39m\n                  \u001b[36m</span>\u001b[39m\n                \u001b[36m</td>\u001b[39m\n                \u001b[36m<td\u001b[39m\n                  \u001b[33mclass\u001b[39m=\u001b[32m\"MuiTableCell-root MuiTableCell-body MuiTableCell-alignCenter MuiTableCell-sizeMedium css-yd0fg0-MuiTableCell-root\"\u001b[39m\n                \u001b[36m>\u001b[39m\n                  \u001b[36m<span\u001b[39m\n                    \u001b[33mclass\u001b[39m=\u001b[32m\"MuiButtonBase-...\n    at Object.getElementError (/Users/kenalba/Documents/GitHub/nlj_viewer/node_modules/@testing-library/dom/dist/config.js:37:19)\n    at /Users/kenalba/Documents/GitHub/nlj_viewer/node_modules/@testing-library/dom/dist/query-helpers.js:76:38\n    at /Users/kenalba/Documents/GitHub/nlj_viewer/node_modules/@testing-library/dom/dist/query-helpers.js:52:17\n    at /Users/kenalba/Documents/GitHub/nlj_viewer/node_modules/@testing-library/dom/dist/query-helpers.js:95:19\n    at /Users/kenalba/Documents/GitHub/nlj_viewer/src/components/__tests__/MatrixNode.test.tsx:141:19\n    at file:///Users/kenalba/Documents/GitHub/nlj_viewer/node_modules/@vitest/runner/dist/index.js:533:5\n    at runTest (file:///Users/kenalba/Documents/GitHub/nlj_viewer/node_modules/@vitest/runner/dist/index.js:1056:11)\n    at runSuite (file:///Users/kenalba/Documents/GitHub/nlj_viewer/node_modules/@vitest/runner/dist/index.js:1205:15)\n    at runSuite (file:///Users/kenalba/Documents/GitHub/nlj_viewer/node_modules/@vitest/runner/dist/index.js:1205:15)\n    at runFiles (file:///Users/kenalba/Documents/GitHub/nlj_viewer/node_modules/@vitest/runner/dist/index.js:1262:5)"],"meta":{}},{"ancestorTitles":["MatrixNode"],"fullName":"MatrixNode shows required asterisks for required rows","status":"passed","title":"shows required asterisks for required rows","duration":202.64966599999752,"failureMessages":[],"meta":{}},{"ancestorTitles":["MatrixNode"],"fullName":"MatrixNode handles column descriptions","status":"passed","title":"handles column descriptions","duration":256.5329160000001,"failureMessages":[],"meta":{}},{"ancestorTitles":["MatrixNode"],"fullName":"MatrixNode shows required field helper text","status":"passed","title":"shows required field helper text","duration":87.38316599999962,"failureMessages":[],"meta":{}},{"ancestorTitles":["MatrixNode"],"fullName":"MatrixNode applies theme correctly","status":"passed","title":"applies theme correctly","duration":82.20408400000088,"failureMessages":[],"meta":{}},{"ancestorTitles":["MatrixNode"],"fullName":"MatrixNode handles empty responses correctly","status":"passed","title":"handles empty responses correctly","duration":164.76208400000178,"failureMessages":[],"meta":{}},{"ancestorTitles":["MatrixNode"],"fullName":"MatrixNode maintains separate responses for each row","status":"failed","title":"maintains separate responses for each row","duration":588.3508330000004,"failureMessages":["AssertionError: expected \"spy\" to be called with arguments: [ { satisfaction: 'good', …(1) } ]\n\nReceived: \n\n\n\nNumber of calls: 0\n\n    at Proxy.<anonymous> (file:///Users/kenalba/Documents/GitHub/nlj_viewer/node_modules/@vitest/expect/dist/index.js:1465:13)\n    at Proxy.<anonymous> (file:///Users/kenalba/Documents/GitHub/nlj_viewer/node_modules/@vitest/expect/dist/index.js:972:17)\n    at Proxy.methodWrapper (file:///Users/kenalba/Documents/GitHub/nlj_viewer/node_modules/chai/chai.js:1706:25)\n    at /Users/kenalba/Documents/GitHub/nlj_viewer/src/components/__tests__/MatrixNode.test.tsx:249:26\n    at file:///Users/kenalba/Documents/GitHub/nlj_viewer/node_modules/@vitest/runner/dist/index.js:533:5\n    at runTest (file:///Users/kenalba/Documents/GitHub/nlj_viewer/node_modules/@vitest/runner/dist/index.js:1056:11)\n    at runSuite (file:///Users/kenalba/Documents/GitHub/nlj_viewer/node_modules/@vitest/runner/dist/index.js:1205:15)\n    at runSuite (file:///Users/kenalba/Documents/GitHub/nlj_viewer/node_modules/@vitest/runner/dist/index.js:1205:15)\n    at runFiles (file:///Users/kenalba/Documents/GitHub/nlj_viewer/node_modules/@vitest/runner/dist/index.js:1262:5)\n    at startTests (file:///Users/kenalba/Documents/GitHub/nlj_viewer/node_modules/@vitest/runner/dist/index.js:1271:3)"],"meta":{}},{"ancestorTitles":["MatrixNode"],"fullName":"MatrixNode renders with media content","status":"failed","title":"renders with media content","duration":156.7233750000014,"failureMessages":["TestingLibraryElementError: Unable to find an element with the text: Test Image. This could be because the text is broken up by multiple elements. In this case, you can provide a function for your text matcher to make your matcher more flexible.\n\nIgnored nodes: comments, script, style\n\u001b[36m<body>\u001b[39m\n  \u001b[36m<div>\u001b[39m\n    \u001b[36m<div\u001b[39m\n      \u001b[33mclass\u001b[39m=\u001b[32m\"MuiPaper-root MuiPaper-elevation MuiPaper-rounded MuiPaper-elevation0 MuiCard-root css-1frhi57-MuiPaper-root-MuiCard-root\"\u001b[39m\n      \u001b[33mstyle\u001b[39m=\u001b[32m\"--Paper-shadow: none;\"\u001b[39m\n    \u001b[36m>\u001b[39m\n      \u001b[36m<div\u001b[39m\n        \u001b[33mclass\u001b[39m=\u001b[32m\"MuiCardContent-root css-y966ta-MuiCardContent-root\"\u001b[39m\n      \u001b[36m>\u001b[39m\n        \u001b[36m<div\u001b[39m\n          \u001b[33mclass\u001b[39m=\u001b[32m\"MuiBox-root css-i3pbo\"\u001b[39m\n        \u001b[36m>\u001b[39m\n          \u001b[36m<h5\u001b[39m\n            \u001b[33mclass\u001b[39m=\u001b[32m\"MuiTypography-root MuiTypography-h5 MuiTypography-gutterBottom css-1f9xtph-MuiTypography-root\"\u001b[39m\n          \u001b[36m>\u001b[39m\n            \u001b[0mPlease rate the following aspects of your job\u001b[0m\n          \u001b[36m</h5>\u001b[39m\n          \u001b[36m<div\u001b[39m\n            \u001b[33mclass\u001b[39m=\u001b[32m\"MuiBox-root css-i3pbo\"\u001b[39m\n          \u001b[36m>\u001b[39m\n            \u001b[36m<div\u001b[39m\n              \u001b[33mclass\u001b[39m=\u001b[32m\"MuiBox-root css-1t3dbs4\"\u001b[39m\n            \u001b[36m>\u001b[39m\n              \u001b[36m<span\u001b[39m\n                \u001b[33mclass\u001b[39m=\u001b[32m\"MuiSkeleton-root MuiSkeleton-rectangular MuiSkeleton-pulse css-6jpxpw-MuiSkeleton-root\"\u001b[39m\n                \u001b[33mstyle\u001b[39m=\u001b[32m\"width: 100%; height: 400px;\"\u001b[39m\n              \u001b[36m/>\u001b[39m\n              \u001b[36m<img\u001b[39m\n                \u001b[33malt\u001b[39m=\u001b[32m\"Test Image\"\u001b[39m\n                \u001b[33mclass\u001b[39m=\u001b[32m\"MuiCardMedia-root MuiCardMedia-media MuiCardMedia-img css-mggo3t-MuiCardMedia-root\"\u001b[39m\n                \u001b[33mheight\u001b[39m=\u001b[32m\"400\"\u001b[39m\n                \u001b[33msrc\u001b[39m=\u001b[32m\"/test-image.jpg\"\u001b[39m\n              \u001b[36m/>\u001b[39m\n              \u001b[36m<button\u001b[39m\n                \u001b[33maria-label\u001b[39m=\u001b[32m\"Click to enlarge\"\u001b[39m\n                \u001b[33mclass\u001b[39m=\u001b[32m\"MuiButtonBase-root MuiIconButton-root MuiIconButton-sizeSmall zoom-icon css-1xt4lm0-MuiButtonBase-root-MuiIconButton-root\"\u001b[39m\n                \u001b[33mdata-mui-internal-clone-element\u001b[39m=\u001b[32m\"true\"\u001b[39m\n                \u001b[33mtabindex\u001b[39m=\u001b[32m\"0\"\u001b[39m\n                \u001b[33mtype\u001b[39m=\u001b[32m\"button\"\u001b[39m\n              \u001b[36m>\u001b[39m\n                \u001b[36m<svg\u001b[39m\n                  \u001b[33maria-hidden\u001b[39m=\u001b[32m\"true\"\u001b[39m\n                  \u001b[33mclass\u001b[39m=\u001b[32m\"MuiSvgIcon-root MuiSvgIcon-fontSizeMedium css-1umw9bq-MuiSvgIcon-root\"\u001b[39m\n                  \u001b[33mdata-testid\u001b[39m=\u001b[32m\"ZoomInIcon\"\u001b[39m\n                  \u001b[33mfocusable\u001b[39m=\u001b[32m\"false\"\u001b[39m\n                  \u001b[33mviewBox\u001b[39m=\u001b[32m\"0 0 24 24\"\u001b[39m\n                \u001b[36m>\u001b[39m\n                  \u001b[36m<path\u001b[39m\n                    \u001b[33md\u001b[39m=\u001b[32m\"M15.5 14h-.79l-.28-.27C15.41 12.59 16 11.11 16 9.5 16 5.91 13.09 3 9.5 3S3 5.91 3 9.5 5.91 16 9.5 16c1.61 0 3.09-.59 4.23-1.57l.27.28v.79l5 4.99L20.49 19zm-6 0C7.01 14 5 11.99 5 9.5S7.01 5 9.5 5 14 7.01 14 9.5 11.99 14 9.5 14\"\u001b[39m\n                  \u001b[36m/>\u001b[39m\n                  \u001b[36m<path\u001b[39m\n                    \u001b[33md\u001b[39m=\u001b[32m\"M12 10h-2v2H9v-2H7V9h2V7h1v2h2z\"\u001b[39m\n                  \u001b[36m/>\u001b[39m\n                \u001b[36m</svg>\u001b[39m\n              \u001b[36m</button>\u001b[39m\n            \u001b[36m</div>\u001b[39m\n          \u001b[36m</div>\u001b[39m\n        \u001b[36m</div>\u001b[39m\n        \u001b[36m<div\u001b[39m\n          \u001b[33mclass\u001b[39m=\u001b[32m\"MuiPaper-root MuiPaper-elevation MuiPaper-rounded MuiPaper-elevation1 MuiTableContainer-root css-a381q5-MuiPaper-root-MuiTableContainer-root\"\u001b[39m\n          \u001b[33mstyle\u001b[39m=\u001b[32m\"--Paper-shadow: 0px 2px 1px -1px rgba(0,0,0,0.2),0px 1px 1px 0px rgba(0,0,0,0.14),0px 1px 3px 0px rgba(0,0,0,0.12);\"\u001b[39m\n        \u001b[36m>\u001b[39m\n          \u001b[36m<table\u001b[39m\n            \u001b[33mclass\u001b[39m=\u001b[32m\"MuiTable-root css-1xwxv7r-MuiTable-root\"\u001b[39m\n          \u001b[36m>\u001b[39m\n            \u001b[36m<thead\u001b[39m\n              \u001b[33mclass\u001b[39m=\u001b[32m\"MuiTableHead-root css-1a7iywq-MuiTableHead-root\"\u001b[39m\n            \u001b[36m>\u001b[39m\n              \u001b[36m<tr\u001b[39m\n                \u001b[33mclass\u001b[39m=\u001b[32m\"MuiTableRow-root MuiTableRow-head css-1xtozoh-MuiTableRow-root\"\u001b[39m\n              \u001b[36m>\u001b[39m\n                \u001b[36m<th\u001b[39m\n                  \u001b[33mclass\u001b[39m=\u001b[32m\"MuiTableCell-root MuiTableCell-head MuiTableCell-sizeMedium css-xucn9l-MuiTableCell-root\"\u001b[39m\n                  \u001b[33mscope\u001b[39m=\u001b[32m\"col\"\u001b[39m\n                \u001b[36m/>\u001b[39m\n                \u001b[36m<th\u001b[39m\n                  \u001b[33mclass\u001b[39m=\u001b[32m\"MuiTableCell-root MuiTableCell-head MuiTableCell-alignCenter MuiTableCell-sizeMedium css-1lsq3yy-MuiTableCell-root\"\u001b[39m\n                  \u001b[33mscope\u001b[39m=\u001b[32m\"col\"\u001b[39m\n                \u001b[36m>\u001b[39m\n                  \u001b[0mPoor\u001b[0m\n                \u001b[36m</th>\u001b[39m\n                \u001b[36m<th\u001b[39m\n                  \u001b[33mclass\u001b[39m=\u001b[32m\"MuiTableCell-root MuiTableCell-head MuiTableCell-alignCenter MuiTableCell-sizeMedium css-1lsq3yy-MuiTableCell-root\"\u001b[39m\n                  \u001b[33mscope\u001b[39m=\u001b[32m\"col\"\u001b[39m\n                \u001b[36m>\u001b[39m\n                  \u001b[0mFair\u001b[0m\n                \u001b[36m</th>\u001b[39m\n                \u001b[36m<th\u001b[39m\n                  \u001b[33mclass\u001b[39m=\u001b[32m\"MuiTableCell-root MuiTableCell-head MuiTableCell-alignCenter MuiTableCell-sizeMedium css-1lsq3yy-MuiTableCell-root\"\u001b[39m\n                  \u001b[33mscope\u001b[39m=\u001b[32m\"col\"\u001b[39m\n                \u001b[36m>\u001b[39m\n                  \u001b[0mGood\u001b[0m\n                \u001b[36m</th>\u001b[39m\n                \u001b[36m<th\u001b[39m\n                  \u001b[33mclass\u001b[39m=\u001b[32m\"MuiTableCell-root MuiTableCell-head MuiTableCell-alignCenter MuiTableCell-sizeMedium css-1lsq3yy-MuiTableCell-root\"\u001b[39m\n                  \u001b[33mscope\u001b[39m=\u001b[32m\"col\"\u001b[39m\n                \u001b[36m>\u001b[39m\n                  \u001b[0mExcellent\u001b[0m\n                \u001b[36m</th>\u001b[39m\n              \u001b[36m</tr>\u001b[39m\n            \u001b[36m</thead>\u001b[39m\n            \u001b[36m<tbody\u001b[39m\n              \u001b[33mclass\u001b[39m=\u001b[32m\"MuiTableBody-root css-gmh7jj-MuiTableBody-root\"\u001b[39m\n            \u001b[36m>\u001b[39m\n              \u001b[36m<tr\u001b[39m\n                \u001b[33mclass\u001b[39m=\u001b[32m\"MuiTableRow-root css-1xtozoh-MuiTableRow-root\"\u001b[39m\n              \u001b[36m>\u001b[39m\n                \u001b[36m<td\u001b[39m\n                  \u001b[33mclass\u001b[39m=\u001b[32m\"MuiTableCell-root MuiTableCell-body MuiTableCell-sizeMedium css-h6co4l-MuiTableCell-root\"\u001b[39m\n                \u001b[36m>\u001b[39m\n                  \u001b[0mJob Satisfaction\u001b[0m\n                  \u001b[36m<span\u001b[39m\n                    \u001b[33mclass\u001b[39m=\u001b[32m\"MuiTypography-root MuiTypography-body1 css-dhid9n-MuiTypography-root\"\u001b[39m\n                  \u001b[36m>\u001b[39m\n                    \u001b[0m*\u001b[0m\n                  \u001b[36m</span>\u001b[39m\n                \u001b[36m</td>\u001b[39m\n                \u001b[36m<td\u001b[39m\n                  \u001b[33mclass\u001b[39m=\u001b[32m\"MuiTableCell-root MuiTableCell-body MuiTableCell-alignCenter MuiTableCell-sizeMedium css-yd0fg0-MuiTableCell-root\"\u001b[39m\n                \u001b[36m>\u001b[39m\n                  \u001b[36m<span\u001b[39m\n                    \u001b[33mclass\u001b[39m=\u001b[32m\"MuiButtonBase-root MuiRadio-root MuiRadio-colorPrimary PrivateSwitchBase-root MuiRadio-root MuiRadio-colorPrimary MuiRadio-root MuiRadio-colorPrimary css-1q72ply-MuiButtonBase-root-MuiSwitchBase-root-MuiRadio-root\"\u001b[39m\n                  \u001b[36m>\u001b[39m\n                    \u001b[36m<input\u001b[39m\n                      \u001b[33mclass\u001b[39m=\u001b[32m\"PrivateSwitchBase-...\n    at Object.getElementError (/Users/kenalba/Documents/GitHub/nlj_viewer/node_modules/@testing-library/dom/dist/config.js:37:19)\n    at /Users/kenalba/Documents/GitHub/nlj_viewer/node_modules/@testing-library/dom/dist/query-helpers.js:76:38\n    at /Users/kenalba/Documents/GitHub/nlj_viewer/node_modules/@testing-library/dom/dist/query-helpers.js:52:17\n    at /Users/kenalba/Documents/GitHub/nlj_viewer/node_modules/@testing-library/dom/dist/query-helpers.js:95:19\n    at /Users/kenalba/Documents/GitHub/nlj_viewer/src/components/__tests__/MatrixNode.test.tsx:267:19\n    at file:///Users/kenalba/Documents/GitHub/nlj_viewer/node_modules/@vitest/runner/dist/index.js:146:14\n    at file:///Users/kenalba/Documents/GitHub/nlj_viewer/node_modules/@vitest/runner/dist/index.js:533:11\n    at runWithTimeout (file:///Users/kenalba/Documents/GitHub/nlj_viewer/node_modules/@vitest/runner/dist/index.js:39:7)\n    at runTest (file:///Users/kenalba/Documents/GitHub/nlj_viewer/node_modules/@vitest/runner/dist/index.js:1056:17)\n    at runSuite (file:///Users/kenalba/Documents/GitHub/nlj_viewer/node_modules/@vitest/runner/dist/index.js:1205:15)"],"meta":{}}],"startTime":1752598482978,"endTime":1752598489372.7234,"status":"failed","message":"","name":"/Users/kenalba/Documents/GitHub/nlj_viewer/src/components/__tests__/MatrixNode.test.tsx"},{"assertionResults":[{"ancestorTitles":["RatingNode"],"fullName":"RatingNode renders the question text and content","status":"passed","title":"renders the question text and content","duration":599.9345409999987,"failureMessages":[],"meta":{}},{"ancestorTitles":["RatingNode"],"fullName":"RatingNode renders star rating correctly","status":"passed","title":"renders star rating correctly","duration":49.70129199999792,"failureMessages":[],"meta":{}},{"ancestorTitles":["RatingNode"],"fullName":"RatingNode handles star rating selection","status":"failed","title":"handles star rating selection","duration":419.3841250000005,"failureMessages":["AssertionError: expected \"spy\" to be called with arguments: [ 3 ]\n\nReceived: \n\n  1st spy call:\n\n  Array [\n-   3,\n+   NaN,\n  ]\n\n\nNumber of calls: 1\n\n    at Proxy.<anonymous> (file:///Users/kenalba/Documents/GitHub/nlj_viewer/node_modules/@vitest/expect/dist/index.js:1465:13)\n    at Proxy.<anonymous> (file:///Users/kenalba/Documents/GitHub/nlj_viewer/node_modules/@vitest/expect/dist/index.js:972:17)\n    at Proxy.methodWrapper (file:///Users/kenalba/Documents/GitHub/nlj_viewer/node_modules/chai/chai.js:1706:25)\n    at /Users/kenalba/Documents/GitHub/nlj_viewer/src/components/__tests__/RatingNode.test.tsx:53:26\n    at file:///Users/kenalba/Documents/GitHub/nlj_viewer/node_modules/@vitest/runner/dist/index.js:533:5\n    at runTest (file:///Users/kenalba/Documents/GitHub/nlj_viewer/node_modules/@vitest/runner/dist/index.js:1056:11)\n    at runSuite (file:///Users/kenalba/Documents/GitHub/nlj_viewer/node_modules/@vitest/runner/dist/index.js:1205:15)\n    at runSuite (file:///Users/kenalba/Documents/GitHub/nlj_viewer/node_modules/@vitest/runner/dist/index.js:1205:15)\n    at runFiles (file:///Users/kenalba/Documents/GitHub/nlj_viewer/node_modules/@vitest/runner/dist/index.js:1262:5)\n    at startTests (file:///Users/kenalba/Documents/GitHub/nlj_viewer/node_modules/@vitest/runner/dist/index.js:1271:3)"],"meta":{}},{"ancestorTitles":["RatingNode"],"fullName":"RatingNode renders numeric rating correctly","status":"passed","title":"renders numeric rating correctly","duration":496.3573329999999,"failureMessages":[],"meta":{}},{"ancestorTitles":["RatingNode"],"fullName":"RatingNode handles numeric rating selection","status":"passed","title":"handles numeric rating selection","duration":173.97595799999908,"failureMessages":[],"meta":{}},{"ancestorTitles":["RatingNode"],"fullName":"RatingNode renders categorical rating correctly","status":"passed","title":"renders categorical rating correctly","duration":225.12387500000114,"failureMessages":[],"meta":{}},{"ancestorTitles":["RatingNode"],"fullName":"RatingNode handles categorical rating selection","status":"passed","title":"handles categorical rating selection","duration":267.9025839999995,"failureMessages":[],"meta":{}},{"ancestorTitles":["RatingNode"],"fullName":"RatingNode shows validation error for required questions","status":"failed","title":"shows validation error for required questions","duration":43.81487500000003,"failureMessages":["Error: Unable to perform pointer interaction as the element has `pointer-events: none`:\n\nBUTTON(label=Skip)\n    at assertPointerEvents (file:///Users/kenalba/Documents/GitHub/nlj_viewer/node_modules/@testing-library/user-event/dist/esm/utils/pointer/cssPointerEvents.js:45:15)\n    at Object.enter (file:///Users/kenalba/Documents/GitHub/nlj_viewer/node_modules/@testing-library/user-event/dist/esm/system/pointer/pointer.js:50:17)\n    at PointerHost.move (file:///Users/kenalba/Documents/GitHub/nlj_viewer/node_modules/@testing-library/user-event/dist/esm/system/pointer/index.js:51:85)\n    at pointerAction (file:///Users/kenalba/Documents/GitHub/nlj_viewer/node_modules/@testing-library/user-event/dist/esm/pointer/index.js:57:39)\n    at Object.pointer (file:///Users/kenalba/Documents/GitHub/nlj_viewer/node_modules/@testing-library/user-event/dist/esm/pointer/index.js:25:15)\n    at Object.asyncWrapper (/Users/kenalba/Documents/GitHub/nlj_viewer/node_modules/@testing-library/react/dist/pure.js:88:22)\n    at /Users/kenalba/Documents/GitHub/nlj_viewer/src/components/__tests__/RatingNode.test.tsx:127:5\n    at file:///Users/kenalba/Documents/GitHub/nlj_viewer/node_modules/@vitest/runner/dist/index.js:533:5\n    at runTest (file:///Users/kenalba/Documents/GitHub/nlj_viewer/node_modules/@vitest/runner/dist/index.js:1056:11)\n    at runSuite (file:///Users/kenalba/Documents/GitHub/nlj_viewer/node_modules/@vitest/runner/dist/index.js:1205:15)"],"meta":{}},{"ancestorTitles":["RatingNode"],"fullName":"RatingNode allows skipping non-required questions","status":"passed","title":"allows skipping non-required questions","duration":222.1297080000004,"failureMessages":[],"meta":{}},{"ancestorTitles":["RatingNode"],"fullName":"RatingNode uses default value when provided","status":"passed","title":"uses default value when provided","duration":58.13816699999734,"failureMessages":[],"meta":{}},{"ancestorTitles":["RatingNode"],"fullName":"RatingNode shows value display when enabled","status":"failed","title":"shows value display when enabled","duration":85.17099999999846,"failureMessages":["TestingLibraryElementError: Unable to find an element with the text: 3/5. This could be because the text is broken up by multiple elements. In this case, you can provide a function for your text matcher to make your matcher more flexible.\n\nIgnored nodes: comments, script, style\n\u001b[36m<body>\u001b[39m\n  \u001b[36m<div>\u001b[39m\n    \u001b[36m<div\u001b[39m\n      \u001b[33mclass\u001b[39m=\u001b[32m\"MuiPaper-root MuiPaper-elevation MuiPaper-rounded MuiPaper-elevation0 MuiCard-root css-1frhi57-MuiPaper-root-MuiCard-root\"\u001b[39m\n      \u001b[33mstyle\u001b[39m=\u001b[32m\"--Paper-shadow: none;\"\u001b[39m\n    \u001b[36m>\u001b[39m\n      \u001b[36m<div\u001b[39m\n        \u001b[33mclass\u001b[39m=\u001b[32m\"MuiCardContent-root css-y966ta-MuiCardContent-root\"\u001b[39m\n      \u001b[36m>\u001b[39m\n        \u001b[36m<div\u001b[39m\n          \u001b[33mclass\u001b[39m=\u001b[32m\"MuiBox-root css-i3pbo\"\u001b[39m\n        \u001b[36m>\u001b[39m\n          \u001b[36m<h5\u001b[39m\n            \u001b[33mclass\u001b[39m=\u001b[32m\"MuiTypography-root MuiTypography-h5 MuiTypography-gutterBottom css-1f9xtph-MuiTypography-root\"\u001b[39m\n          \u001b[36m>\u001b[39m\n            \u001b[0mRate your overall experience\u001b[0m\n          \u001b[36m</h5>\u001b[39m\n        \u001b[36m</div>\u001b[39m\n        \u001b[36m<div\u001b[39m\n          \u001b[33mclass\u001b[39m=\u001b[32m\"MuiBox-root css-j0azdm\"\u001b[39m\n        \u001b[36m>\u001b[39m\n          \u001b[36m<span\u001b[39m\n            \u001b[33mclass\u001b[39m=\u001b[32m\"MuiRating-root MuiRating-sizeLarge Mui-focusVisible css-1addkc1-MuiRating-root\"\u001b[39m\n          \u001b[36m>\u001b[39m\n            \u001b[36m<label\u001b[39m\n              \u001b[33mclass\u001b[39m=\u001b[32m\"css-hlbajn-MuiRating-label\"\u001b[39m\n              \u001b[33mfor\u001b[39m=\u001b[32m\"«r24»-«r25»\"\u001b[39m\n            \u001b[36m>\u001b[39m\n              \u001b[36m<span\u001b[39m\n                \u001b[33mclass\u001b[39m=\u001b[32m\"MuiRating-icon MuiRating-iconFilled MuiRating-iconFocus css-1sagf1d-MuiRating-icon\"\u001b[39m\n              \u001b[36m>\u001b[39m\n                \u001b[36m<svg\u001b[39m\n                  \u001b[33maria-hidden\u001b[39m=\u001b[32m\"true\"\u001b[39m\n                  \u001b[33mclass\u001b[39m=\u001b[32m\"MuiSvgIcon-root MuiSvgIcon-fontSizeMedium css-dskzcr-MuiSvgIcon-root\"\u001b[39m\n                  \u001b[33mdata-testid\u001b[39m=\u001b[32m\"StarIcon\"\u001b[39m\n                  \u001b[33mfocusable\u001b[39m=\u001b[32m\"false\"\u001b[39m\n                  \u001b[33mviewBox\u001b[39m=\u001b[32m\"0 0 24 24\"\u001b[39m\n                \u001b[36m>\u001b[39m\n                  \u001b[36m<path\u001b[39m\n                    \u001b[33md\u001b[39m=\u001b[32m\"M12 17.27 18.18 21l-1.64-7.03L22 9.24l-7.19-.61L12 2 9.19 8.63 2 9.24l5.46 4.73L5.82 21z\"\u001b[39m\n                  \u001b[36m/>\u001b[39m\n                \u001b[36m</svg>\u001b[39m\n              \u001b[36m</span>\u001b[39m\n              \u001b[36m<span\u001b[39m\n                \u001b[33mclass\u001b[39m=\u001b[32m\"MuiRating-visuallyHidden\"\u001b[39m\n              \u001b[36m>\u001b[39m\n                \u001b[0m1 Star\u001b[0m\n              \u001b[36m</span>\u001b[39m\n            \u001b[36m</label>\u001b[39m\n            \u001b[36m<input\u001b[39m\n              \u001b[33mclass\u001b[39m=\u001b[32m\"MuiRating-visuallyHidden\"\u001b[39m\n              \u001b[33mid\u001b[39m=\u001b[32m\"«r24»-«r25»\"\u001b[39m\n              \u001b[33mname\u001b[39m=\u001b[32m\"«r24»\"\u001b[39m\n              \u001b[33mtype\u001b[39m=\u001b[32m\"radio\"\u001b[39m\n              \u001b[33mvalue\u001b[39m=\u001b[32m\"1\"\u001b[39m\n            \u001b[36m/>\u001b[39m\n            \u001b[36m<label\u001b[39m\n              \u001b[33mclass\u001b[39m=\u001b[32m\"css-hlbajn-MuiRating-label\"\u001b[39m\n              \u001b[33mfor\u001b[39m=\u001b[32m\"«r24»-«r26»\"\u001b[39m\n            \u001b[36m>\u001b[39m\n              \u001b[36m<span\u001b[39m\n                \u001b[33mclass\u001b[39m=\u001b[32m\"MuiRating-icon MuiRating-iconFilled MuiRating-iconFocus css-1sagf1d-MuiRating-icon\"\u001b[39m\n              \u001b[36m>\u001b[39m\n                \u001b[36m<svg\u001b[39m\n                  \u001b[33maria-hidden\u001b[39m=\u001b[32m\"true\"\u001b[39m\n                  \u001b[33mclass\u001b[39m=\u001b[32m\"MuiSvgIcon-root MuiSvgIcon-fontSizeMedium css-dskzcr-MuiSvgIcon-root\"\u001b[39m\n                  \u001b[33mdata-testid\u001b[39m=\u001b[32m\"StarIcon\"\u001b[39m\n                  \u001b[33mfocusable\u001b[39m=\u001b[32m\"false\"\u001b[39m\n                  \u001b[33mviewBox\u001b[39m=\u001b[32m\"0 0 24 24\"\u001b[39m\n                \u001b[36m>\u001b[39m\n                  \u001b[36m<path\u001b[39m\n                    \u001b[33md\u001b[39m=\u001b[32m\"M12 17.27 18.18 21l-1.64-7.03L22 9.24l-7.19-.61L12 2 9.19 8.63 2 9.24l5.46 4.73L5.82 21z\"\u001b[39m\n                  \u001b[36m/>\u001b[39m\n                \u001b[36m</svg>\u001b[39m\n              \u001b[36m</span>\u001b[39m\n              \u001b[36m<span\u001b[39m\n                \u001b[33mclass\u001b[39m=\u001b[32m\"MuiRating-visuallyHidden\"\u001b[39m\n              \u001b[36m>\u001b[39m\n                \u001b[0m2 Stars\u001b[0m\n              \u001b[36m</span>\u001b[39m\n            \u001b[36m</label>\u001b[39m\n            \u001b[36m<input\u001b[39m\n              \u001b[33mclass\u001b[39m=\u001b[32m\"MuiRating-visuallyHidden\"\u001b[39m\n              \u001b[33mid\u001b[39m=\u001b[32m\"«r24»-«r26»\"\u001b[39m\n              \u001b[33mname\u001b[39m=\u001b[32m\"«r24»\"\u001b[39m\n              \u001b[33mtype\u001b[39m=\u001b[32m\"radio\"\u001b[39m\n              \u001b[33mvalue\u001b[39m=\u001b[32m\"2\"\u001b[39m\n            \u001b[36m/>\u001b[39m\n            \u001b[36m<label\u001b[39m\n              \u001b[33mclass\u001b[39m=\u001b[32m\"css-hlbajn-MuiRating-label\"\u001b[39m\n              \u001b[33mfor\u001b[39m=\u001b[32m\"«r24»-«r27»\"\u001b[39m\n            \u001b[36m>\u001b[39m\n              \u001b[36m<span\u001b[39m\n                \u001b[33mclass\u001b[39m=\u001b[32m\"MuiRating-icon MuiRating-iconFilled MuiRating-iconFocus MuiRating-iconActive css-1giqlub-MuiRating-icon\"\u001b[39m\n              \u001b[36m>\u001b[39m\n                \u001b[36m<svg\u001b[39m\n                  \u001b[33maria-hidden\u001b[39m=\u001b[32m\"true\"\u001b[39m\n                  \u001b[33mclass\u001b[39m=\u001b[32m\"MuiSvgIcon-root MuiSvgIcon-fontSizeMedium css-dskzcr-MuiSvgIcon-root\"\u001b[39m\n                  \u001b[33mdata-testid\u001b[39m=\u001b[32m\"StarIcon\"\u001b[39m\n                  \u001b[33mfocusable\u001b[39m=\u001b[32m\"false\"\u001b[39m\n                  \u001b[33mviewBox\u001b[39m=\u001b[32m\"0 0 24 24\"\u001b[39m\n                \u001b[36m>\u001b[39m\n                  \u001b[36m<path\u001b[39m\n                    \u001b[33md\u001b[39m=\u001b[32m\"M12 17.27 18.18 21l-1.64-7.03L22 9.24l-7.19-.61L12 2 9.19 8.63 2 9.24l5.46 4.73L5.82 21z\"\u001b[39m\n                  \u001b[36m/>\u001b[39m\n                \u001b[36m</svg>\u001b[39m\n              \u001b[36m</span>\u001b[39m\n              \u001b[36m<span\u001b[39m\n                \u001b[33mclass\u001b[39m=\u001b[32m\"MuiRating-visuallyHidden\"\u001b[39m\n              \u001b[36m>\u001b[39m\n                \u001b[0m3 Stars\u001b[0m\n              \u001b[36m</span>\u001b[39m\n            \u001b[36m</label>\u001b[39m\n            \u001b[36m<input\u001b[39m\n              \u001b[33mclass\u001b[39m=\u001b[32m\"MuiRating-visuallyHidden\"\u001b[39m\n              \u001b[33mid\u001b[39m=\u001b[32m\"«r24»-«r27»\"\u001b[39m\n              \u001b[33mname\u001b[39m=\u001b[32m\"«r24»\"\u001b[39m\n              \u001b[33mtype\u001b[39m=\u001b[32m\"radio\"\u001b[39m\n              \u001b[33mvalue\u001b[39m=\u001b[32m\"3\"\u001b[39m\n            \u001b[36m/>\u001b[39m\n            \u001b[36m<label\u001b[39m\n              \u001b[33mclass\u001b[39m=\u001b[32m\"css-hlbajn-MuiRating-label\"\u001b[39m\n              \u001b[33mfor\u001b[39m=\u001b[32m\"«r24»-«r28»\"\u001b[39m\n            \u001b[36m>\u001b[39m\n              \u001b[36m<span\u001b[39m\n                \u001b[33mclass\u001b[39m=\u001b[32m\"MuiRating-icon MuiRating-iconEmpty css-9xw0na-MuiRating-icon\"\u001b[39m\n              \u001b[36m>\u001b[39m\n                \u001b[36m<svg\u001b[39m\n                  \u001b[33maria-hidden\u001b[39m=\u001b[32m\"true\"\u001b[39m\n                  \u001b[33mclass\u001b[39m=\u001b[32m\"MuiSvgIcon-root MuiSvgIcon-fontSizeMedium css-dskzcr-MuiSvgIcon-root\"\u001b[39m\n                  \u001b[33mdata-testid\u001b[39m=\u001b[32m\"StarBorderIcon\"\u001b[39m\n                  \u001b[33mfocusable\u001b[39m=\u001b[32m\"false\"\u001b[39m\n                  \u001b[33mviewBox\u001b[39m=\u001b[32m\"0 0 24 24\"\u001b[39m\n                \u001b[36m>\u001b[39m\n                  \u001b[36m<path\u001b[39m\n                    \u001b[33md\u001b[39m=\u001b[32m\"m22 9.24-7.19-.62L12 2 9.19 8.63 2 9.24l5.46 4.73L5.82 21 12 17.27 18.18 21l-1.63-7.03zM12 15.4l-3.76 2.27 1-4.28-3.32-2.88 4.38-.38L12 6.1l1.71 4.04 4.38.38-3.32 2.88 1 4.28z\"\u001b[39m\n                  \u001b[36m/>\u001b[39m\n                \u001b[36m</svg>\u001b[39m\n              \u001b[36m</span>\u001b[39m\n              \u001b[36m<span\u001b[39m\n                \u001b[33mclass\u001b[39m=\u001b[32m\"MuiRating-visuallyHidden\"\u001b[39m\n              \u001b[36m>\u001b[39m\n                \u001b[0m4 Stars\u001b[0m\n              \u001b[36m</span>\u001b[39m\n            \u001b[36m</label>\u001b[39m\n            \u001b[36m<input\u001b[39m\n              \u001b[33mclass\u001b[39m=\u001b[32m\"MuiRating-visuallyHidden\"\u001b[39m\n              \u001b[33mid\u001b[39m=\u001b[32m\"«r24»-«r28»\"\u001b[39m\n              \u001b[33mname\u001b[39m=\u001b[32m\"«r24»\"\u001b[39m\n              \u001b[33mtype\u001b[39m=\u001b[32m\"radio\"\u001b[39m\n              \u001b[33mvalue\u001b[39m=\u001b[32m\"4\"\u001b[39m\n            \u001b[36m/>\u001b[39m\n            \u001b[36m<label\u001b[39m\n              \u001b[33mclass\u001b[39m=\u001b[32m\"css-hlbajn-MuiRating-label\"\u001b[39m\n              \u001b[33mfor\u001b[39m=\u001b[32m\"«r24»-«r29»\"\u001b[39m\n            \u001b[36m>\u001b[39m\n              \u001b[36m<span\u001b[39m\n                \u001b[33mclass\u001b[39m=\u001b[32m\"MuiRating-icon MuiRating-iconEmpty css-9xw0na-MuiRating-icon\"\u001b[39m\n              \u001b[36m>\u001b[39m\n                \u001b[36m<svg\u001b[39m\n                  \u001b[33maria-hidden\u001b[39m=\u001b[32m\"true\"\u001b[39m\n                  \u001b[33mclass\u001b[39m=\u001b[32m\"MuiSvgIcon-root MuiSvgIcon-fontSizeMedium css-dskzcr-MuiSvgIcon-root\"\u001b[39m\n                  \u001b[33mdata-testid\u001b[39m=\u001b[32m\"StarBorderIcon\"\u001b[39m\n                  \u001b[33mfocusable\u001b[39m=\u001b[32m\"false\"\u001b[39m\n                  \u001b[33mviewBox\u001b[39m=\u001b[32m\"0 0 24 24\"\u001b[39m\n                \u001b[36m>\u001b[39m\n                  \u001b[36m<path\u001b[39m\n                    \u001b[33md\u001b[39m=\u001b[32m\"m22 9.24-7.19-.62L12 2 9.19 8.63 2 9.24l5.46 4.73L5.82 21 12 17.27 18.18 21l-1.63-7.03zM12 15.4l-3.76 2.27 1-4.28-3.32-2.88 4.38-.38L12 6.1l1.71 4.04 4.38.38-3.32 2.88 1 4.28z\"\u001b[39m\n                  \u001b[36m/>\u001b[39m\n                \u001b[36m</svg>\u001b[39m\n              \u001b[36m</span>\u001b[39m\n              \u001b[36m<span\u001b[39m\n                \u001b[33mclass\u001b[39m=\u001b[32m\"MuiRating-visuallyHidden\"\u001b[39m\n              \u001b[36m>\u001b[39m\n                \u001b[0m5 Stars\u001b[0m\n              \u001b[36m</span>\u001b[39m\n            \u001b[36m</label>\u001b[39m\n            \u001b[36m<input\u001b[39m\n              \u001b[33mclass\u001b[39m=\u001b[32m\"MuiRating-visuallyHidden\"\u001b[39m\n              \u001b[33mid\u001b[39m=\u001b[32m\"«r24»-«r29»\"\u001b[39m\n              \u001b[33mname\u001b[39m=\u001b[32m\"«r24»\"\u001b[39m\n              \u001b[33mtype\u001b[39m=\u001b[32m\"radio\"\u001b[39m\n              \u001b[33mvalue\u001b[39m=\u001b[32m\"5\"\u001b[39m\n            \u001b[36m/>\u001b[39m\n            \u001b[36m<label\u001b[39m\n              \u001b[33mclass\u001b[39m=\u001b[32m\"MuiRating-label MuiRating-pristine css-hlbajn-MuiRating-label\"\u001b[39m\n            \u001b[36m>\u001b[39m\n              \u001b[36m<input\u001b[39m\n                \u001b[33mclass\u001b[39m=\u001b[32m\"MuiRating-visuallyHidden\"\u001b[39m\n                \u001b[33mid\u001b[39m=\u001b[32m\"«r24»-empty\"\u001b[39m\n                \u001b[33mname\u001b[39m=\u001b[32m\"«r24»\"\u001b[39m\n                \u001b[33mtype\u001b[39m=\u001b[32m\"radio\"\u001b[39m\n                \u001b[33mvalue\u001b[39m=\u001b[32m\"\"\u001b[39m\n              \u001b[36m/>\u001b[39m\n              \u001b[36m<span\u001b[39m\n                \u001b[33mclass\u001b[39m=\u001b[32m\"MuiRating-visuallyHidden\"\u001b[39m\n              \u001b[36m>\u001b[39m\n                \u001b[0mEmpty\u001b[0m\n              \u001b[36m</span>\u001b[39m\n            \u001b[36m</label>\u001b[39m\n          \u001b[36m</span>\u001b[39m\n          \u001b[36m<h6\u001b[39m\n            \u001b[33mclass\u001b[39m=\u001b[32m\"MuiTypography-root MuiTypography-h6 css-1q59m0w-MuiTypography-root\"\u001b[39m\n          \u001b[36m>\u001b[39m\n            \u001b[0mNaN\u001b[0m\n            \u001b[0m/\u001b[0m\n            \u001b[0m5\u001b[0m\n          \u001b[36m</h6>\u001b[39m\n        \u001b[36m</div>\u001b[39m\n        \u001b[36m<div\u001b[39m\n          \u001b[33mclass\u001b[39m=\u001b[32m\"MuiBox-root css-5flwkf\"\u001b[39m\n        \u001b[36m>\u001b[39m\n          \u001b[36m<button\u001b[39m\n            \u001b[33mclass\u001b[39m=\u001b[32m\"MuiButtonBase-root MuiButton-root MuiButton-contained MuiButton-containedPrimary MuiButton-sizeLarge MuiButton-containedSizeLarge MuiButton-colorPrimary MuiButton-root MuiButton-contained MuiButton-containedPrimary MuiButton-sizeLarge MuiButton-containedSizeLarge MuiButton-colorPrimary css-1edjksi-MuiButtonBase-root-MuiButton-root\"\u001b[39m\n            \u001b[33mtabindex\u001b[39m=\u001b[32m\"0\"\u001b[39m\n            \u001b[33mtype\u001b[39m=\u001b[32m\"button\"\u001b[39m\n          \u001b[36m>\u001b[39m\n            \u001b[0mSubmit\u001b[0m\n          \u001b[36m</button>\u001b[39m\n        \u001b[36m</div>\u001b[39m\n        \u001b[36m<p\u001b[39m\n          \u001b[33mclass\u001b[39m=\u001b[32m\"MuiFormHelperText-root css-10u75wb-MuiFormHelperText-root\"\u001b[39m\n        \u001b[36m>\u001b[39m\n          \u001b[0m* This question is required\u001b[0m\n        \u001b[36m</p>\u001b[39m\n      \u001b[36m</div>\u001b[39m\n    \u001b[36m</div>\u001b[39m\n  \u001b[36m</div>\u001b[39m\n\u001b[36m</body>\u001b[39m\n    at Object.getElementError (/Users/kenalba/Documents/GitHub/nlj_viewer/node_modules/@testing-library/dom/dist/config.js:37:19)\n    at /Users/kenalba/Documents/GitHub/nlj_viewer/node_modules/@testing-library/dom/dist/query-helpers.js:76:38\n    at /Users/kenalba/Documents/GitHub/nlj_viewer/node_modules/@testing-library/dom/dist/query-helpers.js:52:17\n    at /Users/kenalba/Documents/GitHub/nlj_viewer/node_modules/@testing-library/dom/dist/query-helpers.js:95:19\n    at /Users/kenalba/Documents/GitHub/nlj_viewer/src/components/__tests__/RatingNode.test.tsx:173:19\n    at file:///Users/kenalba/Documents/GitHub/nlj_viewer/node_modules/@vitest/runner/dist/index.js:533:5\n    at runTest (file:///Users/kenalba/Documents/GitHub/nlj_viewer/node_modules/@vitest/runner/dist/index.js:1056:11)\n    at runSuite (file:///Users/kenalba/Documents/GitHub/nlj_viewer/node_modules/@vitest/runner/dist/index.js:1205:15)\n    at runSuite (file:///Users/kenalba/Documents/GitHub/nlj_viewer/node_modules/@vitest/runner/dist/index.js:1205:15)\n    at runFiles (file:///Users/kenalba/Documents/GitHub/nlj_viewer/node_modules/@vitest/runner/dist/index.js:1262:5)"],"meta":{}},{"ancestorTitles":["RatingNode"],"fullName":"RatingNode supports half stars when enabled","status":"failed","title":"supports half stars when enabled","duration":60.405250000003434,"failureMessages":["TestingLibraryElementError: Unable to find a label with the text of: /rating/i\n\nIgnored nodes: comments, script, style\n\u001b[36m<body>\u001b[39m\n  \u001b[36m<div>\u001b[39m\n    \u001b[36m<div\u001b[39m\n      \u001b[33mclass\u001b[39m=\u001b[32m\"MuiPaper-root MuiPaper-elevation MuiPaper-rounded MuiPaper-elevation0 MuiCard-root css-1frhi57-MuiPaper-root-MuiCard-root\"\u001b[39m\n      \u001b[33mstyle\u001b[39m=\u001b[32m\"--Paper-shadow: none;\"\u001b[39m\n    \u001b[36m>\u001b[39m\n      \u001b[36m<div\u001b[39m\n        \u001b[33mclass\u001b[39m=\u001b[32m\"MuiCardContent-root css-y966ta-MuiCardContent-root\"\u001b[39m\n      \u001b[36m>\u001b[39m\n        \u001b[36m<div\u001b[39m\n          \u001b[33mclass\u001b[39m=\u001b[32m\"MuiBox-root css-i3pbo\"\u001b[39m\n        \u001b[36m>\u001b[39m\n          \u001b[36m<h5\u001b[39m\n            \u001b[33mclass\u001b[39m=\u001b[32m\"MuiTypography-root MuiTypography-h5 MuiTypography-gutterBottom css-1f9xtph-MuiTypography-root\"\u001b[39m\n          \u001b[36m>\u001b[39m\n            \u001b[0mRate your overall experience\u001b[0m\n          \u001b[36m</h5>\u001b[39m\n        \u001b[36m</div>\u001b[39m\n        \u001b[36m<div\u001b[39m\n          \u001b[33mclass\u001b[39m=\u001b[32m\"MuiBox-root css-j0azdm\"\u001b[39m\n        \u001b[36m>\u001b[39m\n          \u001b[36m<span\u001b[39m\n            \u001b[33mclass\u001b[39m=\u001b[32m\"MuiRating-root MuiRating-sizeLarge css-1addkc1-MuiRating-root\"\u001b[39m\n          \u001b[36m>\u001b[39m\n            \u001b[36m<span\u001b[39m\n              \u001b[33mclass\u001b[39m=\u001b[32m\"MuiRating-decimal css-1czqjfa-MuiRating-decimal\"\u001b[39m\n            \u001b[36m>\u001b[39m\n              \u001b[36m<label\u001b[39m\n                \u001b[33mclass\u001b[39m=\u001b[32m\"css-hlbajn-MuiRating-label\"\u001b[39m\n                \u001b[33mfor\u001b[39m=\u001b[32m\"«r2b»-«r2c»\"\u001b[39m\n                \u001b[33mstyle\u001b[39m=\u001b[32m\"width: 0%; overflow: hidden; position: absolute;\"\u001b[39m\n              \u001b[36m>\u001b[39m\n                \u001b[36m<span\u001b[39m\n                  \u001b[33mclass\u001b[39m=\u001b[32m\"MuiRating-icon MuiRating-iconEmpty css-9xw0na-MuiRating-icon\"\u001b[39m\n                \u001b[36m>\u001b[39m\n                  \u001b[36m<svg\u001b[39m\n                    \u001b[33maria-hidden\u001b[39m=\u001b[32m\"true\"\u001b[39m\n                    \u001b[33mclass\u001b[39m=\u001b[32m\"MuiSvgIcon-root MuiSvgIcon-fontSizeMedium css-dskzcr-MuiSvgIcon-root\"\u001b[39m\n                    \u001b[33mdata-testid\u001b[39m=\u001b[32m\"StarBorderIcon\"\u001b[39m\n                    \u001b[33mfocusable\u001b[39m=\u001b[32m\"false\"\u001b[39m\n                    \u001b[33mviewBox\u001b[39m=\u001b[32m\"0 0 24 24\"\u001b[39m\n                  \u001b[36m>\u001b[39m\n                    \u001b[36m<path\u001b[39m\n                      \u001b[33md\u001b[39m=\u001b[32m\"m22 9.24-7.19-.62L12 2 9.19 8.63 2 9.24l5.46 4.73L5.82 21 12 17.27 18.18 21l-1.63-7.03zM12 15.4l-3.76 2.27 1-4.28-3.32-2.88 4.38-.38L12 6.1l1.71 4.04 4.38.38-3.32 2.88 1 4.28z\"\u001b[39m\n                    \u001b[36m/>\u001b[39m\n                  \u001b[36m</svg>\u001b[39m\n                \u001b[36m</span>\u001b[39m\n                \u001b[36m<span\u001b[39m\n                  \u001b[33mclass\u001b[39m=\u001b[32m\"MuiRating-visuallyHidden\"\u001b[39m\n                \u001b[36m>\u001b[39m\n                  \u001b[0m0.5 Stars\u001b[0m\n                \u001b[36m</span>\u001b[39m\n              \u001b[36m</label>\u001b[39m\n              \u001b[36m<input\u001b[39m\n                \u001b[33mclass\u001b[39m=\u001b[32m\"MuiRating-visuallyHidden\"\u001b[39m\n                \u001b[33mid\u001b[39m=\u001b[32m\"«r2b»-«r2c»\"\u001b[39m\n                \u001b[33mname\u001b[39m=\u001b[32m\"«r2b»\"\u001b[39m\n                \u001b[33mtype\u001b[39m=\u001b[32m\"radio\"\u001b[39m\n                \u001b[33mvalue\u001b[39m=\u001b[32m\"0.5\"\u001b[39m\n              \u001b[36m/>\u001b[39m\n              \u001b[36m<label\u001b[39m\n                \u001b[33mclass\u001b[39m=\u001b[32m\"css-hlbajn-MuiRating-label\"\u001b[39m\n                \u001b[33mfor\u001b[39m=\u001b[32m\"«r2b»-«r2d»\"\u001b[39m\n              \u001b[36m>\u001b[39m\n                \u001b[36m<span\u001b[39m\n                  \u001b[33mclass\u001b[39m=\u001b[32m\"MuiRating-icon MuiRating-iconEmpty css-9xw0na-MuiRating-icon\"\u001b[39m\n                \u001b[36m>\u001b[39m\n                  \u001b[36m<svg\u001b[39m\n                    \u001b[33maria-hidden\u001b[39m=\u001b[32m\"true\"\u001b[39m\n                    \u001b[33mclass\u001b[39m=\u001b[32m\"MuiSvgIcon-root MuiSvgIcon-fontSizeMedium css-dskzcr-MuiSvgIcon-root\"\u001b[39m\n                    \u001b[33mdata-testid\u001b[39m=\u001b[32m\"StarBorderIcon\"\u001b[39m\n                    \u001b[33mfocusable\u001b[39m=\u001b[32m\"false\"\u001b[39m\n                    \u001b[33mviewBox\u001b[39m=\u001b[32m\"0 0 24 24\"\u001b[39m\n                  \u001b[36m>\u001b[39m\n                    \u001b[36m<path\u001b[39m\n                      \u001b[33md\u001b[39m=\u001b[32m\"m22 9.24-7.19-.62L12 2 9.19 8.63 2 9.24l5.46 4.73L5.82 21 12 17.27 18.18 21l-1.63-7.03zM12 15.4l-3.76 2.27 1-4.28-3.32-2.88 4.38-.38L12 6.1l1.71 4.04 4.38.38-3.32 2.88 1 4.28z\"\u001b[39m\n                    \u001b[36m/>\u001b[39m\n                  \u001b[36m</svg>\u001b[39m\n                \u001b[36m</span>\u001b[39m\n                \u001b[36m<span\u001b[39m\n                  \u001b[33mclass\u001b[39m=\u001b[32m\"MuiRating-visuallyHidden\"\u001b[39m\n                \u001b[36m>\u001b[39m\n                  \u001b[0m1 Star\u001b[0m\n                \u001b[36m</span>\u001b[39m\n              \u001b[36m</label>\u001b[39m\n              \u001b[36m<input\u001b[39m\n                \u001b[33mclass\u001b[39m=\u001b[32m\"MuiRating-visuallyHidden\"\u001b[39m\n                \u001b[33mid\u001b[39m=\u001b[32m\"«r2b»-«r2d»\"\u001b[39m\n                \u001b[33mname\u001b[39m=\u001b[32m\"«r2b»\"\u001b[39m\n                \u001b[33mtype\u001b[39m=\u001b[32m\"radio\"\u001b[39m\n                \u001b[33mvalue\u001b[39m=\u001b[32m\"1\"\u001b[39m\n              \u001b[36m/>\u001b[39m\n            \u001b[36m</span>\u001b[39m\n            \u001b[36m<span\u001b[39m\n              \u001b[33mclass\u001b[39m=\u001b[32m\"MuiRating-decimal css-1czqjfa-MuiRating-decimal\"\u001b[39m\n            \u001b[36m>\u001b[39m\n              \u001b[36m<label\u001b[39m\n                \u001b[33mclass\u001b[39m=\u001b[32m\"css-hlbajn-MuiRating-label\"\u001b[39m\n                \u001b[33mfor\u001b[39m=\u001b[32m\"«r2b»-«r2e»\"\u001b[39m\n                \u001b[33mstyle\u001b[39m=\u001b[32m\"width: 0%; overflow: hidden; position: absolute;\"\u001b[39m\n              \u001b[36m>\u001b[39m\n                \u001b[36m<span\u001b[39m\n                  \u001b[33mclass\u001b[39m=\u001b[32m\"MuiRating-icon MuiRating-iconEmpty css-9xw0na-MuiRating-icon\"\u001b[39m\n                \u001b[36m>\u001b[39m\n                  \u001b[36m<svg\u001b[39m\n                    \u001b[33maria-hidden\u001b[39m=\u001b[32m\"true\"\u001b[39m\n                    \u001b[33mclass\u001b[39m=\u001b[32m\"MuiSvgIcon-root MuiSvgIcon-fontSizeMedium css-dskzcr-MuiSvgIcon-root\"\u001b[39m\n                    \u001b[33mdata-testid\u001b[39m=\u001b[32m\"StarBorderIcon\"\u001b[39m\n                    \u001b[33mfocusable\u001b[39m=\u001b[32m\"false\"\u001b[39m\n                    \u001b[33mviewBox\u001b[39m=\u001b[32m\"0 0 24 24\"\u001b[39m\n                  \u001b[36m>\u001b[39m\n                    \u001b[36m<path\u001b[39m\n                      \u001b[33md\u001b[39m=\u001b[32m\"m22 9.24-7.19-.62L12 2 9.19 8.63 2 9.24l5.46 4.73L5.82 21 12 17.27 18.18 21l-1.63-7.03zM12 15.4l-3.76 2.27 1-4.28-3.32-2.88 4.38-.38L12 6.1l1.71 4.04 4.38.38-3.32 2.88 1 4.28z\"\u001b[39m\n                    \u001b[36m/>\u001b[39m\n                  \u001b[36m</svg>\u001b[39m\n                \u001b[36m</span>\u001b[39m\n                \u001b[36m<span\u001b[39m\n                  \u001b[33mclass\u001b[39m=\u001b[32m\"MuiRating-visuallyHidden\"\u001b[39m\n                \u001b[36m>\u001b[39m\n                  \u001b[0m1.5 Stars\u001b[0m\n                \u001b[36m</span>\u001b[39m\n              \u001b[36m</label>\u001b[39m\n              \u001b[36m<input\u001b[39m\n                \u001b[33mclass\u001b[39m=\u001b[32m\"MuiRating-visuallyHidden\"\u001b[39m\n                \u001b[33mid\u001b[39m=\u001b[32m\"«r2b»-«r2e»\"\u001b[39m\n                \u001b[33mname\u001b[39m=\u001b[32m\"«r2b»\"\u001b[39m\n                \u001b[33mtype\u001b[39m=\u001b[32m\"radio\"\u001b[39m\n                \u001b[33mvalue\u001b[39m=\u001b[32m\"1.5\"\u001b[39m\n              \u001b[36m/>\u001b[39m\n              \u001b[36m<label\u001b[39m\n                \u001b[33mclass\u001b[39m=\u001b[32m\"css-hlbajn-MuiRating-label\"\u001b[39m\n                \u001b[33mfor\u001b[39m=\u001b[32m\"«r2b»-«r2f»\"\u001b[39m\n              \u001b[36m>\u001b[39m\n                \u001b[36m<span\u001b[39m\n                  \u001b[33mclass\u001b[39m=\u001b[32m\"MuiRating-icon MuiRating-iconEmpty css-9xw0na-MuiRating-icon\"\u001b[39m\n                \u001b[36m>\u001b[39m\n                  \u001b[36m<sv...\n    at Object.getElementError (/Users/kenalba/Documents/GitHub/nlj_viewer/node_modules/@testing-library/dom/dist/config.js:37:19)\n    at getAllByLabelText (/Users/kenalba/Documents/GitHub/nlj_viewer/node_modules/@testing-library/dom/dist/queries/label-text.js:111:38)\n    at /Users/kenalba/Documents/GitHub/nlj_viewer/node_modules/@testing-library/dom/dist/query-helpers.js:52:17\n    at /Users/kenalba/Documents/GitHub/nlj_viewer/node_modules/@testing-library/dom/dist/query-helpers.js:95:19\n    at /Users/kenalba/Documents/GitHub/nlj_viewer/src/components/__tests__/RatingNode.test.tsx:186:27\n    at file:///Users/kenalba/Documents/GitHub/nlj_viewer/node_modules/@vitest/runner/dist/index.js:146:14\n    at file:///Users/kenalba/Documents/GitHub/nlj_viewer/node_modules/@vitest/runner/dist/index.js:533:11\n    at runWithTimeout (file:///Users/kenalba/Documents/GitHub/nlj_viewer/node_modules/@vitest/runner/dist/index.js:39:7)\n    at runTest (file:///Users/kenalba/Documents/GitHub/nlj_viewer/node_modules/@vitest/runner/dist/index.js:1056:17)\n    at runSuite (file:///Users/kenalba/Documents/GitHub/nlj_viewer/node_modules/@vitest/runner/dist/index.js:1205:15)"],"meta":{}},{"ancestorTitles":["RatingNode"],"fullName":"RatingNode handles step values correctly","status":"passed","title":"handles step values correctly","duration":239.67762500000026,"failureMessages":[],"meta":{}},{"ancestorTitles":["RatingNode"],"fullName":"RatingNode shows required field helper text","status":"passed","title":"shows required field helper text","duration":78.67262499999924,"failureMessages":[],"meta":{}},{"ancestorTitles":["RatingNode"],"fullName":"RatingNode applies theme correctly","status":"passed","title":"applies theme correctly","duration":157.11424999999872,"failureMessages":[],"meta":{}},{"ancestorTitles":["RatingNode"],"fullName":"RatingNode renders with media content","status":"failed","title":"renders with media content","duration":73.22154099999898,"failureMessages":["TestingLibraryElementError: Unable to find an element with the text: Test Image. This could be because the text is broken up by multiple elements. In this case, you can provide a function for your text matcher to make your matcher more flexible.\n\nIgnored nodes: comments, script, style\n\u001b[36m<body>\u001b[39m\n  \u001b[36m<div>\u001b[39m\n    \u001b[36m<div\u001b[39m\n      \u001b[33mclass\u001b[39m=\u001b[32m\"MuiPaper-root MuiPaper-elevation MuiPaper-rounded MuiPaper-elevation0 MuiCard-root css-1frhi57-MuiPaper-root-MuiCard-root\"\u001b[39m\n      \u001b[33mstyle\u001b[39m=\u001b[32m\"--Paper-shadow: none;\"\u001b[39m\n    \u001b[36m>\u001b[39m\n      \u001b[36m<div\u001b[39m\n        \u001b[33mclass\u001b[39m=\u001b[32m\"MuiCardContent-root css-y966ta-MuiCardContent-root\"\u001b[39m\n      \u001b[36m>\u001b[39m\n        \u001b[36m<div\u001b[39m\n          \u001b[33mclass\u001b[39m=\u001b[32m\"MuiBox-root css-i3pbo\"\u001b[39m\n        \u001b[36m>\u001b[39m\n          \u001b[36m<h5\u001b[39m\n            \u001b[33mclass\u001b[39m=\u001b[32m\"MuiTypography-root MuiTypography-h5 MuiTypography-gutterBottom css-1f9xtph-MuiTypography-root\"\u001b[39m\n          \u001b[36m>\u001b[39m\n            \u001b[0mRate your overall experience\u001b[0m\n          \u001b[36m</h5>\u001b[39m\n          \u001b[36m<div\u001b[39m\n            \u001b[33mclass\u001b[39m=\u001b[32m\"MuiBox-root css-i3pbo\"\u001b[39m\n          \u001b[36m>\u001b[39m\n            \u001b[36m<div\u001b[39m\n              \u001b[33mclass\u001b[39m=\u001b[32m\"MuiBox-root css-1t3dbs4\"\u001b[39m\n            \u001b[36m>\u001b[39m\n              \u001b[36m<span\u001b[39m\n                \u001b[33mclass\u001b[39m=\u001b[32m\"MuiSkeleton-root MuiSkeleton-rectangular MuiSkeleton-pulse css-6jpxpw-MuiSkeleton-root\"\u001b[39m\n                \u001b[33mstyle\u001b[39m=\u001b[32m\"width: 100%; height: 400px;\"\u001b[39m\n              \u001b[36m/>\u001b[39m\n              \u001b[36m<img\u001b[39m\n                \u001b[33malt\u001b[39m=\u001b[32m\"Test Image\"\u001b[39m\n                \u001b[33mclass\u001b[39m=\u001b[32m\"MuiCardMedia-root MuiCardMedia-media MuiCardMedia-img css-mggo3t-MuiCardMedia-root\"\u001b[39m\n                \u001b[33mheight\u001b[39m=\u001b[32m\"400\"\u001b[39m\n                \u001b[33msrc\u001b[39m=\u001b[32m\"/test-image.jpg\"\u001b[39m\n              \u001b[36m/>\u001b[39m\n              \u001b[36m<button\u001b[39m\n                \u001b[33maria-label\u001b[39m=\u001b[32m\"Click to enlarge\"\u001b[39m\n                \u001b[33mclass\u001b[39m=\u001b[32m\"MuiButtonBase-root MuiIconButton-root MuiIconButton-sizeSmall zoom-icon css-1xt4lm0-MuiButtonBase-root-MuiIconButton-root\"\u001b[39m\n                \u001b[33mdata-mui-internal-clone-element\u001b[39m=\u001b[32m\"true\"\u001b[39m\n                \u001b[33mtabindex\u001b[39m=\u001b[32m\"0\"\u001b[39m\n                \u001b[33mtype\u001b[39m=\u001b[32m\"button\"\u001b[39m\n              \u001b[36m>\u001b[39m\n                \u001b[36m<svg\u001b[39m\n                  \u001b[33maria-hidden\u001b[39m=\u001b[32m\"true\"\u001b[39m\n                  \u001b[33mclass\u001b[39m=\u001b[32m\"MuiSvgIcon-root MuiSvgIcon-fontSizeMedium css-1umw9bq-MuiSvgIcon-root\"\u001b[39m\n                  \u001b[33mdata-testid\u001b[39m=\u001b[32m\"ZoomInIcon\"\u001b[39m\n                  \u001b[33mfocusable\u001b[39m=\u001b[32m\"false\"\u001b[39m\n                  \u001b[33mviewBox\u001b[39m=\u001b[32m\"0 0 24 24\"\u001b[39m\n                \u001b[36m>\u001b[39m\n                  \u001b[36m<path\u001b[39m\n                    \u001b[33md\u001b[39m=\u001b[32m\"M15.5 14h-.79l-.28-.27C15.41 12.59 16 11.11 16 9.5 16 5.91 13.09 3 9.5 3S3 5.91 3 9.5 5.91 16 9.5 16c1.61 0 3.09-.59 4.23-1.57l.27.28v.79l5 4.99L20.49 19zm-6 0C7.01 14 5 11.99 5 9.5S7.01 5 9.5 5 14 7.01 14 9.5 11.99 14 9.5 14\"\u001b[39m\n                  \u001b[36m/>\u001b[39m\n                  \u001b[36m<path\u001b[39m\n                    \u001b[33md\u001b[39m=\u001b[32m\"M12 10h-2v2H9v-2H7V9h2V7h1v2h2z\"\u001b[39m\n                  \u001b[36m/>\u001b[39m\n                \u001b[36m</svg>\u001b[39m\n              \u001b[36m</button>\u001b[39m\n            \u001b[36m</div>\u001b[39m\n          \u001b[36m</div>\u001b[39m\n        \u001b[36m</div>\u001b[39m\n        \u001b[36m<div\u001b[39m\n          \u001b[33mclass\u001b[39m=\u001b[32m\"MuiBox-root css-j0azdm\"\u001b[39m\n        \u001b[36m>\u001b[39m\n          \u001b[36m<span\u001b[39m\n            \u001b[33mclass\u001b[39m=\u001b[32m\"MuiRating-root MuiRating-sizeLarge css-1addkc1-MuiRating-root\"\u001b[39m\n          \u001b[36m>\u001b[39m\n            \u001b[36m<label\u001b[39m\n              \u001b[33mclass\u001b[39m=\u001b[32m\"css-hlbajn-MuiRating-label\"\u001b[39m\n              \u001b[33mfor\u001b[39m=\u001b[32m\"«r3k»-«r3l»\"\u001b[39m\n            \u001b[36m>\u001b[39m\n              \u001b[36m<span\u001b[39m\n                \u001b[33mclass\u001b[39m=\u001b[32m\"MuiRating-icon MuiRating-iconEmpty css-9xw0na-MuiRating-icon\"\u001b[39m\n              \u001b[36m>\u001b[39m\n                \u001b[36m<svg\u001b[39m\n                  \u001b[33maria-hidden\u001b[39m=\u001b[32m\"true\"\u001b[39m\n                  \u001b[33mclass\u001b[39m=\u001b[32m\"MuiSvgIcon-root MuiSvgIcon-fontSizeMedium css-dskzcr-MuiSvgIcon-root\"\u001b[39m\n                  \u001b[33mdata-testid\u001b[39m=\u001b[32m\"StarBorderIcon\"\u001b[39m\n                  \u001b[33mfocusable\u001b[39m=\u001b[32m\"false\"\u001b[39m\n                  \u001b[33mviewBox\u001b[39m=\u001b[32m\"0 0 24 24\"\u001b[39m\n                \u001b[36m>\u001b[39m\n                  \u001b[36m<path\u001b[39m\n                    \u001b[33md\u001b[39m=\u001b[32m\"m22 9.24-7.19-.62L12 2 9.19 8.63 2 9.24l5.46 4.73L5.82 21 12 17.27 18.18 21l-1.63-7.03zM12 15.4l-3.76 2.27 1-4.28-3.32-2.88 4.38-.38L12 6.1l1.71 4.04 4.38.38-3.32 2.88 1 4.28z\"\u001b[39m\n                  \u001b[36m/>\u001b[39m\n                \u001b[36m</svg>\u001b[39m\n              \u001b[36m</span>\u001b[39m\n              \u001b[36m<span\u001b[39m\n                \u001b[33mclass\u001b[39m=\u001b[32m\"MuiRating-visuallyHidden\"\u001b[39m\n              \u001b[36m>\u001b[39m\n                \u001b[0m1 Star\u001b[0m\n              \u001b[36m</span>\u001b[39m\n            \u001b[36m</label>\u001b[39m\n            \u001b[36m<input\u001b[39m\n              \u001b[33mclass\u001b[39m=\u001b[32m\"MuiRating-visuallyHidden\"\u001b[39m\n              \u001b[33mid\u001b[39m=\u001b[32m\"«r3k»-«r3l»\"\u001b[39m\n              \u001b[33mname\u001b[39m=\u001b[32m\"«r3k»\"\u001b[39m\n              \u001b[33mtype\u001b[39m=\u001b[32m\"radio\"\u001b[39m\n              \u001b[33mvalue\u001b[39m=\u001b[32m\"1\"\u001b[39m\n            \u001b[36m/>\u001b[39m\n            \u001b[36m<label\u001b[39m\n              \u001b[33mclass\u001b[39m=\u001b[32m\"css-hlbajn-MuiRating-label\"\u001b[39m\n              \u001b[33mfor\u001b[39m=\u001b[32m\"«r3k»-«r3m»\"\u001b[39m\n            \u001b[36m>\u001b[39m\n              \u001b[36m<span\u001b[39m\n                \u001b[33mclass\u001b[39m=\u001b[32m\"MuiRating-icon MuiRating-iconEmpty css-9xw0na-MuiRating-icon\"\u001b[39m\n              \u001b[36m>\u001b[39m\n                \u001b[36m<svg\u001b[39m\n                  \u001b[33maria-hidden\u001b[39m=\u001b[32m\"true\"\u001b[39m\n                  \u001b[33mclass\u001b[39m=\u001b[32m\"MuiSvgIcon-root MuiSvgIcon-fontSizeMedium css-dskzcr-MuiSvgIcon-root\"\u001b[39m\n                  \u001b[33mdata-testid\u001b[39m=\u001b[32m\"StarBorderIcon\"\u001b[39m\n                  \u001b[33mfocusable\u001b[39m=\u001b[32m\"false\"\u001b[39m\n                  \u001b[33mviewBox\u001b[39m=\u001b[32m\"0 0 24 24\"\u001b[39m\n                \u001b[36m>\u001b[39m\n                  \u001b[36m<path\u001b[39m\n                    \u001b[33md\u001b[39m=\u001b[32m\"m22 9.24-7.19-.62L12 2 9.19 8.63 2 9.24l5.46 4.73L5.82 21 12 17.27 18.18 21l-1.63-7.03zM12 15.4l-3.76 2.27 1-4.28-3.32-2.88 4.38-.38L12 6.1l1.71 4.04 4.38.38-3.32 2.88 1 4.28z\"\u001b[39m\n                  \u001b[36m/>\u001b[39m\n                \u001b[36m</svg>\u001b[39m\n              \u001b[36m</span>\u001b[39m\n              \u001b[36m<span\u001b[39m\n                \u001b[33mclass\u001b[39m=\u001b[32m\"MuiRating-visuallyHidden\"\u001b[39m\n              \u001b[36m>\u001b[39m\n                \u001b[0m2 Stars\u001b[0m\n              \u001b[36m</span>\u001b[39m\n            \u001b[36m</label>\u001b[39m\n            \u001b[36m<input\u001b[39m\n              \u001b[33mclass\u001b[39m=\u001b[32m\"MuiRating-visuallyHidden\"\u001b[39m\n              \u001b[33mid\u001b[39m=\u001b[32m\"«r3k»-«r3m»\"\u001b[39m\n              \u001b[33mname\u001b[39m=\u001b[32m\"«r3k»\"\u001b[39m\n              \u001b[33mtype\u001b[39m=\u001b[32m\"radio\"\u001b[39m\n              \u001b[33mvalue\u001b[39m=\u001b[32m\"2\"\u001b[39m\n            \u001b[36m/>\u001b[39m\n            \u001b[36m<label\u001b[39m\n              \u001b[33mclass\u001b[39m=\u001b[32m\"css-hlbajn-MuiRating-label\"\u001b[39m\n              \u001b[33mfor\u001b[39m=\u001b[32m\"«r3k»-«r3n»\"\u001b[39m\n            \u001b[36m>\u001b[39m\n              \u001b[36m<span\u001b[39m\n                \u001b[33mclass\u001b[39m=\u001b[32m\"MuiRating-icon MuiRating-iconEmpty css-9xw0na-MuiRating-icon\"\u001b[39m\n              \u001b[36m>\u001b[39m\n                \u001b[36m<svg\u001b[39m\n                  \u001b[33maria-hidden\u001b[39m=\u001b[32m\"true\"\u001b[39m\n                  \u001b[33mclass\u001b[39m=\u001b[32m\"MuiSvgIcon-root MuiSvgIcon-fontSizeMedium css-dskzcr-MuiSvgIcon-root\"\u001b[39m\n                  \u001b[33mdata-testid\u001b[39m=\u001b[32m\"StarBorderIcon\"\u001b[39m\n                  \u001b[33mfocusable\u001b[39m=\u001b[32m\"false\"\u001b[39m\n                  \u001b[33mviewBox\u001b[39m=\u001b[32m\"0 0 24 24\"\u001b[39m\n                \u001b[36m>\u001b[39m\n                  \u001b[36m<path\u001b[39m\n                    \u001b[33md\u001b[39m=\u001b[32m\"m22 9.24-7.19-.62L12 2 9.19 8.63 2 9.24l5.46 4.73L5.82 21 12 17.27 18.18 21l-1.63-7.03zM12 15.4l-3.76 2.27 1-4.28-3.32-2.88 4.38-.38L12 6.1l1.71 4.04 4.38.38-3.32 2.88 1 4.28z\"\u001b[39m\n                  \u001b[36m/>\u001b[39m\n                \u001b[36m</svg>\u001b[39m\n              \u001b[36m</span>\u001b[39m\n              \u001b[36m<span\u001b[39m\n                \u001b[33mclass\u001b[39m=\u001b[32m\"MuiRating-visuallyHidden\"\u001b[39m\n              \u001b[36m>\u001b[39m\n                \u001b[0m3 Stars\u001b[0m\n              \u001b[36m</span>\u001b[39m\n            \u001b[36m</label>\u001b[39m\n            \u001b[36m<input\u001b[39m\n              \u001b[33mclass\u001b[39m=\u001b[32m\"MuiRating-visuallyHidden\"\u001b[39m\n              \u001b[33mid\u001b[39m=\u001b[32m\"«r3k»-«r3n»\"\u001b[39m\n              \u001b[33mname\u001b[39m=\u001b[32m\"«r3k»\"\u001b[39m\n              \u001b[33mtype\u001b[39m=\u001b[32m\"radio\"\u001b[39m\n              \u001b[33mvalue\u001b[39m=\u001b[32m\"3\"\u001b[39m\n            \u001b[36m/>\u001b[39m\n            \u001b[36m<label\u001b[39m\n              \u001b[33mclass\u001b[39m=\u001b[32m\"css-hlbajn-MuiRating-label\"\u001b[39m\n              \u001b[33mfor\u001b[39m=\u001b[32m\"«r3k»-«r3o»\"\u001b[39m\n            \u001b[36m>\u001b[39m\n              \u001b[36m<span\u001b[39m\n                \u001b[33mclass\u001b[39m=\u001b[32m\"MuiRating-icon MuiRating-iconEmpty css-9xw0na-MuiRating-icon\"\u001b[39m\n              \u001b[36m>\u001b[39m\n                \u001b[36m<svg\u001b[39m\n                  \u001b[33maria-hidden\u001b[39m=\u001b[32m\"true\"\u001b[39m\n                  \u001b[33mclass\u001b[39m=\u001b[32m\"MuiSvgIcon-root MuiSvgIcon-fontSizeMedium css-dskzcr-MuiSvgIcon-root\"\u001b[39m\n                  \u001b[33mdata-testid\u001b[39m=\u001b[32m\"StarBorderIcon\"\u001b[39m\n                  \u001b[33mfocusable\u001b[39m=\u001b[32m\"false\"\u001b[39m\n                  \u001b[33mviewBox\u001b[39m=\u001b[32m\"0 0 24 24\"\u001b[39m\n                \u001b[36m>\u001b[39m\n                  \u001b[36m<path\u001b[39m\n                    \u001b[33md\u001b[39m=\u001b[32m\"m22 9.24-7.19-.62L12 2 9.19 8.63 2 9.24l5.46 4.73L5.82 21 12 17.27 18.18 21l-1.63-7.03zM12 15.4l-3.76 2.27 1-4.28-3.32-2.88 4.38-.38L12 6.1l1.71 4.04 4.38.38-3.32 2.88 1 4.28z\"\u001b[39m\n                  \u001b[36m/>\u001b[39m\n                \u001b[36m</svg>\u001b[39m\n              \u001b[36m</span>\u001b[39m\n              \u001b[36m<span\u001b[39m\n                \u001b[33mclass\u001b[39m=\u001b[32m\"MuiRating-visuallyHidden\"\u001b[39m\n              \u001b[36m>\u001b[39m\n                \u001b[0m4 Stars\u001b[0m\n              \u001b[36m</span>\u001b[39m\n            \u001b[36m</label>\u001b[39m\n            \u001b[36m<input\u001b[39m\n              \u001b[33mclass\u001b[39m=\u001b[32m\"MuiRating-visuallyHidden\"\u001b[39m\n              \u001b[33mid\u001b[39m=\u001b[32m\"«r3k»-«r3o»\"\u001b[39m\n              \u001b[33mname\u001b[39m=\u001b[32m\"«r3k»\"\u001b[39m\n              \u001b[33mtype\u001b[39m=\u001b[32m\"radio\"\u001b[39m\n              \u001b[33mvalue\u001b[39m=\u001b[32m\"4\"\u001b[39m\n            \u001b[36m/>\u001b[39m\n            \u001b[36m<label\u001b[39m\n              \u001b[33mclass\u001b[39m=\u001b[32m\"css-hlbajn-MuiRating-label\"\u001b[39m\n              \u001b[33mfor\u001b[39m=\u001b[32m\"«r3k»-«r3p»\"\u001b[39m\n            \u001b[36m>\u001b[39m\n              \u001b[36m<span\u001b[39m\n                \u001b[33mclass\u001b[39m=\u001b[32m\"MuiRating-icon MuiRating-iconEmpty css-9xw0na-MuiRating-icon\"\u001b[39m\n              \u001b[36m>\u001b[39m\n                \u001b[36m<svg\u001b[39m\n                  \u001b[33maria-hidden\u001b[39m=\u001b[32m\"true\"\u001b[39m\n                  \u001b[33mclass\u001b[39m=\u001b[32m\"MuiSvgIcon-root MuiSvgIcon-fontSizeMedium css-dskzcr-MuiSvgIcon-root\"\u001b[39m\n                  \u001b[33mdata-testid\u001b[39m=\u001b[32m\"StarBorderIcon\"\u001b[39m\n                  \u001b[33mfocusable\u001b[39m=\u001b[32m\"false\"\u001b[39m\n                  \u001b[33mviewBox\u001b[39m=\u001b[32m\"0 0 24 24\"\u001b[39m\n                \u001b[36m>\u001b[39m\n                  \u001b[36m<path\u001b[39m\n                    \u001b[33md\u001b[39m=\u001b[32m\"m22 9.24-7.19-.62L12 2 9.19 8.63 2 9.24l5.46 4.73L5.82 21 12 17.27 18.18 21l-1.63-7.03zM12 15.4l-3.76 2.27 1-4.28-3.32-2.88 4.38-.38L12 6.1l1.71 4.04 4.38.38-3.32 2.88 1 4.28z\"\u001b[39m\n                  \u001b[36m/>\u001b[39m\n                \u001b[36m</svg>\u001b[39m\n              \u001b[36m</span>\u001b[39m\n              \u001b[36m<span\u001b[39m\n                \u001b[33mclass\u001b[39m=\u001b[32m\"MuiRating-visuallyHidden\"\u001b[39m\n              \u001b[36m>\u001b[39m\n                \u001b[0m5 Stars\u001b[0m\n              \u001b[36m</span>\u001b[39m\n            \u001b[36m</label>\u001b[39m\n            \u001b[36m<input\u001b[39m\n              \u001b[33mclass\u001b[39m=\u001b[32m\"MuiRating-visuallyHidden\"\u001b[39m\n              \u001b[33mid\u001b[39m=\u001b[32m\"«r3k»-«r3p»\"\u001b[39m\n              \u001b[33mname\u001b[39m=\u001b[32m\"«r3k»\"\u001b[39m\n              \u001b[33mtype\u001b[39m=\u001b[32m\"radio\"\u001b[39m\n              \u001b[33mvalue\u001b[39m=\u001b[32m\"5\"\u001b[39m\n            \u001b[36m/>\u001b[39m\n            \u001b[36m<label\u001b[39m\n              \u001b[33mclass\u001b[39m=\u001b[32m\"MuiRating-label MuiRating-pristine css-hlbajn-MuiRating-label\"\u001b[39m\n            \u001b[36m>\u001b[39m\n              \u001b[36m<input\u001b[39m\n                \u001b[33mclass\u001b[39m=\u001b[32m\"MuiRating-visuallyHidden\"\u001b[39m\n                \u001b[33mid\u001b[39m=\u001b[32m\"«r3k»-empty\"\u001b[39m\n                \u001b[33mname\u001b[39m=\u001b[32m\"«r3k»\"\
[...]
s","duration":1473.7328750000015,"failureMessages":["AssertionError: expected \"spy\" to be called with arguments: [ 'q2' ]\n\nReceived: \n\n\n\nNumber of calls: 0\n\n\nIgnored nodes: comments, script, style\n\u001b[36m<html>\u001b[39m\n  \u001b[36m<head>\u001b[39m\n    \u001b[36m<meta\u001b[39m\n      \u001b[33mcontent\u001b[39m=\u001b[32m\"\"\u001b[39m\n      \u001b[33mname\u001b[39m=\u001b[32m\"emotion-insertion-point\"\u001b[39m\n    \u001b[36m/>\u001b[39m\n  \u001b[36m</head>\u001b[39m\n  \u001b[36m<body>\u001b[39m\n    \u001b[36m<div>\u001b[39m\n      \u001b[36m<div\u001b[39m\n        \u001b[33mclass\u001b[39m=\u001b[32m\"MuiPaper-root MuiPaper-elevation MuiPaper-rounded MuiPaper-elevation0 MuiCard-root css-1frhi57-MuiPaper-root-MuiCard-root\"\u001b[39m\n        \u001b[33mstyle\u001b[39m=\u001b[32m\"--Paper-shadow: none;\"\u001b[39m\n      \u001b[36m>\u001b[39m\n        \u001b[36m<div\u001b[39m\n          \u001b[33mclass\u001b[39m=\u001b[32m\"MuiCardContent-root css-y966ta-MuiCardContent-root\"\u001b[39m\n        \u001b[36m>\u001b[39m\n          \u001b[36m<div\u001b[39m\n            \u001b[33mclass\u001b[39m=\u001b[32m\"MuiBox-root css-i3pbo\"\u001b[39m\n          \u001b[36m>\u001b[39m\n            \u001b[36m<h5\u001b[39m\n              \u001b[33mclass\u001b[39m=\u001b[32m\"MuiTypography-root MuiTypography-h5 MuiTypography-gutterBottom css-1f9xtph-MuiTypography-root\"\u001b[39m\n            \u001b[36m>\u001b[39m\n              \u001b[0mQuestion 1\u001b[0m\n            \u001b[36m</h5>\u001b[39m\n          \u001b[36m</div>\u001b[39m\n          \u001b[36m<div\u001b[39m\n            \u001b[33mclass\u001b[39m=\u001b[32m\"MuiBox-root css-l9zeam\"\u001b[39m\n          \u001b[36m>\u001b[39m\n            \u001b[36m<p\u001b[39m\n              \u001b[33mclass\u001b[39m=\u001b[32m\"MuiTypography-root MuiTypography-body2 css-1fkpix5-MuiTypography-root\"\u001b[39m\n            \u001b[36m>\u001b[39m\n              \u001b[0mMin\u001b[0m\n            \u001b[36m</p>\u001b[39m\n            \u001b[36m<p\u001b[39m\n              \u001b[33mclass\u001b[39m=\u001b[32m\"MuiTypography-root MuiTypography-body2 css-1fkpix5-MuiTypography-root\"\u001b[39m\n            \u001b[36m>\u001b[39m\n              \u001b[0mMax\u001b[0m\n            \u001b[36m</p>\u001b[39m\n          \u001b[36m</div>\u001b[39m\n          \u001b[36m<div\u001b[39m\n            \u001b[33mclass\u001b[39m=\u001b[32m\"MuiBox-root css-j0azdm\"\u001b[39m\n          \u001b[36m>\u001b[39m\n            \u001b[36m<div\u001b[39m\n              \u001b[33mclass\u001b[39m=\u001b[32m\"MuiButtonGroup-root MuiButtonGroup-outlined MuiButtonGroup-horizontal MuiButtonGroup-colorPrimary css-14kz3wk-MuiButtonGroup-root\"\u001b[39m\n              \u001b[33mrole\u001b[39m=\u001b[32m\"group\"\u001b[39m\n            \u001b[36m>\u001b[39m\n              \u001b[36m<button\u001b[39m\n                \u001b[33mclass\u001b[39m=\u001b[32m\"MuiButtonBase-root MuiButton-root MuiButton-outlined MuiButton-outlinedPrimary MuiButton-sizeLarge MuiButton-outlinedSizeLarge MuiButton-colorPrimary MuiButtonGroup-grouped MuiButtonGroup-groupedHorizontal MuiButtonGroup-groupedOutlined MuiButtonGroup-groupedOutlinedHorizontal MuiButtonGroup-groupedOutlinedPrimary MuiButton-root MuiButton-outlined MuiButton-outlinedPrimary MuiButton-sizeLarge MuiButton-outlinedSizeLarge MuiButton-colorPrimary MuiButtonGroup-grouped MuiButtonGroup-groupedHorizontal MuiButtonGroup-groupedOutlined MuiButtonGroup-groupedOutlinedHorizontal MuiButtonGroup-groupedOutlinedPrimary MuiButtonGroup-firstButton css-es8xj5-MuiButtonBase-root-MuiButton-root\"\u001b[39m\n                \u001b[33mtabindex\u001b[39m=\u001b[32m\"0\"\u001b[39m\n                \u001b[33mtype\u001b[39m=\u001b[32m\"button\"\u001b[39m\n              \u001b[36m>\u001b[39m\n                \u001b[36m<p\u001b[39m\n                  \u001b[33mclass\u001b[39m=\u001b[32m\"MuiTypography-root MuiTypography-body2 css-1a40gj6-MuiTypography-root\"\u001b[39m\n                \u001b[36m>\u001b[39m\n                  \u001b[0m1\u001b[0m\n                \u001b[36m</p>\u001b[39m\n              \u001b[36m</button>\u001b[39m\n              \u001b[36m<button\u001b[39m\n                \u001b[33mclass\u001b[39m=\u001b[32m\"MuiButtonBase-root MuiButton-root MuiButton-outlined MuiButton-outlinedPrimary MuiButton-sizeLarge MuiButton-outlinedSizeLarge MuiButton-colorPrimary MuiButtonGroup-grouped MuiButtonGroup-groupedHorizontal MuiButtonGroup-groupedOutlined MuiButtonGroup-groupedOutlinedHorizontal MuiButtonGroup-groupedOutlinedPrimary MuiButton-root MuiButton-outlined MuiButton-outlinedPrimary MuiButton-sizeLarge MuiButton-outlinedSizeLarge MuiButton-colorPrimary MuiButtonGroup-grouped MuiButtonGroup-groupedHorizontal MuiButtonGroup-groupedOutlined MuiButtonGroup-groupedOutlinedHorizontal MuiButtonGroup-groupedOutlinedPrimary MuiButtonGroup-middleButton css-es8xj5-MuiButtonBase-root-MuiButton-root\"\u001b[39m\n                \u001b[33mtabindex\u001b[39m=\u001b[32m\"0\"\u001b[39m\n                \u001b[33mtype\u001b[39m=\u001b[32m\"button\"\u001b[39m\n              \u001b[36m>\u001b[39m\n                \u001b[36m<p\u001b[39m\n                  \u001b[33mclass\u001b[39m=\u001b[32m\"MuiTypography-root MuiTypography-body2 css-1a40gj6-MuiTypography-root\"\u001b[39m\n                \u001b[36m>\u001b[39m\n                  \u001b[0m2\u001b[0m\n                \u001b[36m</p>\u001b[39m\n              \u001b[36m</button>\u001b[39m\n              \u001b[36m<button\u001b[39m\n                \u001b[33mclass\u001b[39m=\u001b[32m\"MuiButtonBase-root MuiButton-root MuiButton-contained MuiButton-containedPrimary MuiButton-sizeLarge MuiButton-containedSizeLarge MuiButton-colorPrimary MuiButtonGroup-grouped MuiButtonGroup-groupedHorizontal MuiButtonGroup-groupedOutlined MuiButtonGroup-groupedOutlinedHorizontal MuiButtonGroup-groupedOutlinedPrimary MuiButton-root MuiButton-contained MuiButton-containedPrimary MuiButton-sizeLarge MuiButton-containedSizeLarge MuiButton-colorPrimary MuiButtonGroup-grouped MuiButtonGroup-groupedHorizontal MuiButtonGroup-groupedOutlined MuiButtonGroup-groupedOutlinedHorizontal MuiButtonGroup-groupedOutlinedPrimary MuiButtonGroup-middleButton css-126pd00-MuiButtonBase-root-MuiButton-root\"\u001b[39m\n                \u001b[33mtabindex\u001b[39m=\u001b[32m\"0\"\u001b[39m\n                \u001b[33mtype\u001b[39m=\u001b[32m\"button\"\u001b[39m\n              \u001b[36m>\u001b[39m\n                \u001b[36m<p\u001b[39m\n                  \u001b[33mclass\u001b[39m=\u001b[32m\"MuiTypography-root MuiTypography-body2 css-1a40gj6-MuiTypography-root\"\u001b[39m\n                \u001b[36m>\u001b[39m\n                  \u001b[0m3\u001b[0m\n                \u001b[36m</p>\u001b[39m\n              \u001b[36m</button>\u001b[39m\n              \u001b[36m<button\u001b[39m\n                \u001b[33mclass\u001b[39m=\u001b[32m\"MuiButtonBase-root MuiButton-root MuiButton-outlined MuiButton-outlinedPrimary MuiButton-sizeLarge MuiButton-outlinedSizeLarge MuiButton-colorPrimary MuiButtonGroup-grouped MuiButtonGroup-groupedHorizontal MuiButtonGroup-groupedOutlined MuiButtonGroup-groupedOutlinedHorizontal MuiButtonGroup-groupedOutlinedPrimary MuiButton-root MuiButton-outlined MuiButton-outlinedPrimary MuiButton-sizeLarge MuiButton-outlinedSizeLarge MuiButton-colorPrimary MuiButtonGroup-grouped MuiButtonGroup-groupedHorizontal MuiButtonGroup-groupedOutlined MuiButtonGroup-groupedOutlinedHorizontal MuiButtonGroup-groupedOutlinedPrimary MuiButtonGroup-middleButton css-es8xj5-MuiButtonBase-root-MuiButton-root\"\u001b[39m\n                \u001b[33mtabindex\u001b[39m=\u001b[32m\"0\"\u001b[39m\n                \u001b[33mtype\u001b[39m=\u001b[32m\"button\"\u001b[39m\n              \u001b[36m>\u001b[39m\n                \u001b[36m<p\u001b[39m\n                  \u001b[33mclass\u001b[39m=\u001b[32m\"MuiTypography-root MuiTypography-body2 css-1a40gj6-MuiTypography-root\"\u001b[39m\n                \u001b[36m>\u001b[39m\n                  \u001b[0m4\u001b[0m\n                \u001b[36m</p>\u001b[39m\n              \u001b[36m</button>\u001b[39m\n              \u001b[36m<button\u001b[39m\n                \u001b[33mclass\u001b[39m=\u001b[32m\"MuiButtonBase-root MuiButton-root MuiButton-outlined MuiButton-outlinedPrimary MuiButton-sizeLarge MuiButton-outlinedSizeLarge MuiButton-colorPrimary MuiButtonGroup-grouped MuiButtonGroup-groupedHorizontal MuiButtonGroup-groupedOutlined MuiButtonGroup-groupedOutlinedHorizontal MuiButtonGroup-groupedOutlinedPrimary MuiButton-root MuiButton-outlined MuiButton-outlinedPri...\n    at Proxy.<anonymous> (file:///Users/kenalba/Documents/GitHub/nlj_viewer/node_modules/@vitest/expect/dist/index.js:1465:13)\n    at Proxy.<anonymous> (file:///Users/kenalba/Documents/GitHub/nlj_viewer/node_modules/@vitest/expect/dist/index.js:972:17)\n    at Proxy.methodWrapper (file:///Users/kenalba/Documents/GitHub/nlj_viewer/node_modules/chai/chai.js:1706:25)\n    at /Users/kenalba/Documents/GitHub/nlj_viewer/src/components/__tests__/bug-regressions.test.tsx:211:36\n    at runWithExpensiveErrorDiagnosticsDisabled (/Users/kenalba/Documents/GitHub/nlj_viewer/node_modules/@testing-library/dom/dist/config.js:47:12)\n    at checkCallback (/Users/kenalba/Documents/GitHub/nlj_viewer/node_modules/@testing-library/dom/dist/wait-for.js:124:77)\n    at Timeout.checkRealTimersCallback (/Users/kenalba/Documents/GitHub/nlj_viewer/node_modules/@testing-library/dom/dist/wait-for.js:118:16)\n    at listOnTimeout (node:internal/timers:573:17)\n    at processTimers (node:internal/timers:514:7)"],"meta":{}},{"ancestorTitles":["Bug Regression Tests","Bug #5: Survey Question Navigation Failure"],"fullName":"Bug Regression Tests Bug #5: Survey Question Navigation Failure should only complete scenario when reaching actual end node","status":"failed","title":"should only complete scenario when reaching actual end node","duration":1188.6261249999989,"failureMessages":["AssertionError: expected \"spy\" to be called at least once\n\nIgnored nodes: comments, script, style\n\u001b[36m<html>\u001b[39m\n  \u001b[36m<head>\u001b[39m\n    \u001b[36m<meta\u001b[39m\n      \u001b[33mcontent\u001b[39m=\u001b[32m\"\"\u001b[39m\n      \u001b[33mname\u001b[39m=\u001b[32m\"emotion-insertion-point\"\u001b[39m\n    \u001b[36m/>\u001b[39m\n  \u001b[36m</head>\u001b[39m\n  \u001b[36m<body>\u001b[39m\n    \u001b[36m<div>\u001b[39m\n      \u001b[36m<div\u001b[39m\n        \u001b[33mclass\u001b[39m=\u001b[32m\"MuiPaper-root MuiPaper-elevation MuiPaper-rounded MuiPaper-elevation0 MuiCard-root css-1frhi57-MuiPaper-root-MuiCard-root\"\u001b[39m\n        \u001b[33mstyle\u001b[39m=\u001b[32m\"--Paper-shadow: none;\"\u001b[39m\n      \u001b[36m>\u001b[39m\n        \u001b[36m<div\u001b[39m\n          \u001b[33mclass\u001b[39m=\u001b[32m\"MuiCardContent-root css-y966ta-MuiCardContent-root\"\u001b[39m\n        \u001b[36m>\u001b[39m\n          \u001b[36m<div\u001b[39m\n            \u001b[33mclass\u001b[39m=\u001b[32m\"MuiBox-root css-i3pbo\"\u001b[39m\n          \u001b[36m>\u001b[39m\n            \u001b[36m<h5\u001b[39m\n              \u001b[33mclass\u001b[39m=\u001b[32m\"MuiTypography-root MuiTypography-h5 MuiTypography-gutterBottom css-1f9xtph-MuiTypography-root\"\u001b[39m\n            \u001b[36m>\u001b[39m\n              \u001b[0mFinal Question\u001b[0m\n            \u001b[36m</h5>\u001b[39m\n          \u001b[36m</div>\u001b[39m\n          \u001b[36m<div\u001b[39m\n            \u001b[33mclass\u001b[39m=\u001b[32m\"MuiBox-root css-l9zeam\"\u001b[39m\n          \u001b[36m>\u001b[39m\n            \u001b[36m<p\u001b[39m\n              \u001b[33mclass\u001b[39m=\u001b[32m\"MuiTypography-root MuiTypography-body2 css-1fkpix5-MuiTypography-root\"\u001b[39m\n            \u001b[36m>\u001b[39m\n              \u001b[0mMin\u001b[0m\n            \u001b[36m</p>\u001b[39m\n            \u001b[36m<p\u001b[39m\n              \u001b[33mclass\u001b[39m=\u001b[32m\"MuiTypography-root MuiTypography-body2 css-1fkpix5-MuiTypography-root\"\u001b[39m\n            \u001b[36m>\u001b[39m\n              \u001b[0mMax\u001b[0m\n            \u001b[36m</p>\u001b[39m\n          \u001b[36m</div>\u001b[39m\n          \u001b[36m<div\u001b[39m\n            \u001b[33mclass\u001b[39m=\u001b[32m\"MuiBox-root css-j0azdm\"\u001b[39m\n          \u001b[36m>\u001b[39m\n            \u001b[36m<div\u001b[39m\n              \u001b[33mclass\u001b[39m=\u001b[32m\"MuiButtonGroup-root MuiButtonGroup-outlined MuiButtonGroup-horizontal MuiButtonGroup-colorPrimary css-14kz3wk-MuiButtonGroup-root\"\u001b[39m\n              \u001b[33mrole\u001b[39m=\u001b[32m\"group\"\u001b[39m\n            \u001b[36m>\u001b[39m\n              \u001b[36m<button\u001b[39m\n                \u001b[33mclass\u001b[39m=\u001b[32m\"MuiButtonBase-root MuiButton-root MuiButton-outlined MuiButton-outlinedPrimary MuiButton-sizeLarge MuiButton-outlinedSizeLarge MuiButton-colorPrimary MuiButtonGroup-grouped MuiButtonGroup-groupedHorizontal MuiButtonGroup-groupedOutlined MuiButtonGroup-groupedOutlinedHorizontal MuiButtonGroup-groupedOutlinedPrimary MuiButton-root MuiButton-outlined MuiButton-outlinedPrimary MuiButton-sizeLarge MuiButton-outlinedSizeLarge MuiButton-colorPrimary MuiButtonGroup-grouped MuiButtonGroup-groupedHorizontal MuiButtonGroup-groupedOutlined MuiButtonGroup-groupedOutlinedHorizontal MuiButtonGroup-groupedOutlinedPrimary MuiButtonGroup-firstButton css-es8xj5-MuiButtonBase-root-MuiButton-root\"\u001b[39m\n                \u001b[33mtabindex\u001b[39m=\u001b[32m\"0\"\u001b[39m\n                \u001b[33mtype\u001b[39m=\u001b[32m\"button\"\u001b[39m\n              \u001b[36m>\u001b[39m\n                \u001b[36m<p\u001b[39m\n                  \u001b[33mclass\u001b[39m=\u001b[32m\"MuiTypography-root MuiTypography-body2 css-1a40gj6-MuiTypography-root\"\u001b[39m\n                \u001b[36m>\u001b[39m\n                  \u001b[0m1\u001b[0m\n                \u001b[36m</p>\u001b[39m\n              \u001b[36m</button>\u001b[39m\n              \u001b[36m<button\u001b[39m\n                \u001b[33mclass\u001b[39m=\u001b[32m\"MuiButtonBase-root MuiButton-root MuiButton-outlined MuiButton-outlinedPrimary MuiButton-sizeLarge MuiButton-outlinedSizeLarge MuiButton-colorPrimary MuiButtonGroup-grouped MuiButtonGroup-groupedHorizontal MuiButtonGroup-groupedOutlined MuiButtonGroup-groupedOutlinedHorizontal MuiButtonGroup-groupedOutlinedPrimary MuiButton-root MuiButton-outlined MuiButton-outlinedPrimary MuiButton-sizeLarge MuiButton-outlinedSizeLarge MuiButton-colorPrimary MuiButtonGroup-grouped MuiButtonGroup-groupedHorizontal MuiButtonGroup-groupedOutlined MuiButtonGroup-groupedOutlinedHorizontal MuiButtonGroup-groupedOutlinedPrimary MuiButtonGroup-middleButton css-es8xj5-MuiButtonBase-root-MuiButton-root\"\u001b[39m\n                \u001b[33mtabindex\u001b[39m=\u001b[32m\"0\"\u001b[39m\n                \u001b[33mtype\u001b[39m=\u001b[32m\"button\"\u001b[39m\n              \u001b[36m>\u001b[39m\n                \u001b[36m<p\u001b[39m\n                  \u001b[33mclass\u001b[39m=\u001b[32m\"MuiTypography-root MuiTypography-body2 css-1a40gj6-MuiTypography-root\"\u001b[39m\n                \u001b[36m>\u001b[39m\n                  \u001b[0m2\u001b[0m\n                \u001b[36m</p>\u001b[39m\n              \u001b[36m</button>\u001b[39m\n              \u001b[36m<button\u001b[39m\n                \u001b[33mclass\u001b[39m=\u001b[32m\"MuiButtonBase-root MuiButton-root MuiButton-contained MuiButton-containedPrimary MuiButton-sizeLarge MuiButton-containedSizeLarge MuiButton-colorPrimary MuiButtonGroup-grouped MuiButtonGroup-groupedHorizontal MuiButtonGroup-groupedOutlined MuiButtonGroup-groupedOutlinedHorizontal MuiButtonGroup-groupedOutlinedPrimary MuiButton-root MuiButton-contained MuiButton-containedPrimary MuiButton-sizeLarge MuiButton-containedSizeLarge MuiButton-colorPrimary MuiButtonGroup-grouped MuiButtonGroup-groupedHorizontal MuiButtonGroup-groupedOutlined MuiButtonGroup-groupedOutlinedHorizontal MuiButtonGroup-groupedOutlinedPrimary MuiButtonGroup-middleButton css-126pd00-MuiButtonBase-root-MuiButton-root\"\u001b[39m\n                \u001b[33mtabindex\u001b[39m=\u001b[32m\"0\"\u001b[39m\n                \u001b[33mtype\u001b[39m=\u001b[32m\"button\"\u001b[39m\n              \u001b[36m>\u001b[39m\n                \u001b[36m<p\u001b[39m\n                  \u001b[33mclass\u001b[39m=\u001b[32m\"MuiTypography-root MuiTypography-body2 css-1a40gj6-MuiTypography-root\"\u001b[39m\n                \u001b[36m>\u001b[39m\n                  \u001b[0m3\u001b[0m\n                \u001b[36m</p>\u001b[39m\n              \u001b[36m</button>\u001b[39m\n              \u001b[36m<button\u001b[39m\n                \u001b[33mclass\u001b[39m=\u001b[32m\"MuiButtonBase-root MuiButton-root MuiButton-outlined MuiButton-outlinedPrimary MuiButton-sizeLarge MuiButton-outlinedSizeLarge MuiButton-colorPrimary MuiButtonGroup-grouped MuiButtonGroup-groupedHorizontal MuiButtonGroup-groupedOutlined MuiButtonGroup-groupedOutlinedHorizontal MuiButtonGroup-groupedOutlinedPrimary MuiButton-root MuiButton-outlined MuiButton-outlinedPrimary MuiButton-sizeLarge MuiButton-outlinedSizeLarge MuiButton-colorPrimary MuiButtonGroup-grouped MuiButtonGroup-groupedHorizontal MuiButtonGroup-groupedOutlined MuiButtonGroup-groupedOutlinedHorizontal MuiButtonGroup-groupedOutlinedPrimary MuiButtonGroup-middleButton css-es8xj5-MuiButtonBase-root-MuiButton-root\"\u001b[39m\n                \u001b[33mtabindex\u001b[39m=\u001b[32m\"0\"\u001b[39m\n                \u001b[33mtype\u001b[39m=\u001b[32m\"button\"\u001b[39m\n              \u001b[36m>\u001b[39m\n                \u001b[36m<p\u001b[39m\n                  \u001b[33mclass\u001b[39m=\u001b[32m\"MuiTypography-root MuiTypography-body2 css-1a40gj6-MuiTypography-root\"\u001b[39m\n                \u001b[36m>\u001b[39m\n                  \u001b[0m4\u001b[0m\n                \u001b[36m</p>\u001b[39m\n              \u001b[36m</button>\u001b[39m\n              \u001b[36m<button\u001b[39m\n                \u001b[33mclass\u001b[39m=\u001b[32m\"MuiButtonBase-root MuiButton-root MuiButton-outlined MuiButton-outlinedPrimary MuiButton-sizeLarge MuiButton-outlinedSizeLarge MuiButton-colorPrimary MuiButtonGroup-grouped MuiButtonGroup-groupedHorizontal MuiButtonGroup-groupedOutlined MuiButtonGroup-groupedOutlinedHorizontal MuiButtonGroup-groupedOutlinedPrimary MuiButton-root MuiButton-outlined MuiButton-outline...\n    at Proxy.<anonymous> (file:///Users/kenalba/Documents/GitHub/nlj_viewer/node_modules/@vitest/expect/dist/index.js:1448:13)\n    at Proxy.<anonymous> (file:///Users/kenalba/Documents/GitHub/nlj_viewer/node_modules/@vitest/expect/dist/index.js:972:17)\n    at Proxy.methodWrapper (file:///Users/kenalba/Documents/GitHub/nlj_viewer/node_modules/chai/chai.js:1706:25)\n    at /Users/kenalba/Documents/GitHub/nlj_viewer/src/components/__tests__/bug-regressions.test.tsx:265:38\n    at runWithExpensiveErrorDiagnosticsDisabled (/Users/kenalba/Documents/GitHub/nlj_viewer/node_modules/@testing-library/dom/dist/config.js:47:12)\n    at checkCallback (/Users/kenalba/Documents/GitHub/nlj_viewer/node_modules/@testing-library/dom/dist/wait-for.js:124:77)\n    at Timeout.checkRealTimersCallback (/Users/kenalba/Documents/GitHub/nlj_viewer/node_modules/@testing-library/dom/dist/wait-for.js:118:16)\n    at listOnTimeout (node:internal/timers:573:17)\n    at processTimers (node:internal/timers:514:7)"],"meta":{}},{"ancestorTitles":["Bug Regression Tests","Bug #5: Survey Question Navigation Failure"],"fullName":"Bug Regression Tests Bug #5: Survey Question Navigation Failure should log error when navigation fails due to missing links","status":"passed","title":"should log error when navigation fails due to missing links","duration":175.73841700000048,"failureMessages":[],"meta":{}}],"startTime":1752598484356,"endTime":1752598488639.7385,"status":"failed","message":"","name":"/Users/kenalba/Documents/GitHub/nlj_viewer/src/components/__tests__/bug-regressions.test.tsx"}]}
